
======== Mega iteration 1/10000 (no early stop — always improving) ========

Pass 1: Latin Hypercube 150 samples
New Best: 35415201.004507 (mse_hist_eh=10.45290 gap=-3.94219 pen=35415191.507)
New Best: 158964.911659 (mse_hist_eh=0.59467 gap=-0.00020 pen=158964.420)
New Best: 23650.289249 (mse_hist_eh=15.07336 gap=-0.00131 pen=23637.582)
Pass 1 done in 12.06s. Best loss so far: 23650.289249
Pass 2: Differential Evolution
New Best: 20762.063897 (mse_hist_eh=4.21298 gap=-0.00288 pen=20758.388)
New Best: 20537.260408 (mse_hist_eh=9.04498 gap=-0.00013 pen=20529.567)
New Best: 12376.646377 (mse_hist_eh=35.07828 gap=30.06480 pen=12340.028)
New Best: 313.725826 (mse_hist_eh=0.54318 gap=0.00453 pen=313.273)
  checkpoint -> optimization_logs_fit_a3_one_third_b4_one/checkpoints/best_0001_1776395708/
differential_evolution step 1: f(x)= 313.7258260805444
New Best: 6.490082 (mse_hist_eh=7.12828 gap=1.38599 pen=0.000)
  checkpoint -> optimization_logs_fit_a3_one_third_b4_one/checkpoints/best_0002_1776395725/
differential_evolution step 2: f(x)= 6.4900817291337995
differential_evolution step 3: f(x)= 6.4900817291337995
differential_evolution step 4: f(x)= 6.4900817291337995
differential_evolution step 5: f(x)= 6.4900817291337995
New Best: 1.258813 (mse_hist_eh=1.24651 gap=1.99033 pen=0.000)
  checkpoint -> optimization_logs_fit_a3_one_third_b4_one/checkpoints/best_0003_1776395774/
differential_evolution step 6: f(x)= 1.2588132305512671
New Best: 0.900691 (mse_hist_eh=0.73800 gap=2.06463 pen=0.000)
  checkpoint -> optimization_logs_fit_a3_one_third_b4_one/checkpoints/best_0004_1776395787/
differential_evolution step 7: f(x)= 0.9006912877762547
differential_evolution step 8: f(x)= 0.9006912877762547
differential_evolution step 9: f(x)= 0.9006912877762547
differential_evolution step 10: f(x)= 0.9006912877762547
differential_evolution step 11: f(x)= 0.9006912877762547
differential_evolution step 12: f(x)= 0.9006912877762547
differential_evolution step 13: f(x)= 0.9006912877762547
New Best: 0.266928 (mse_hist_eh=0.25660 gap=0.95441 pen=0.000)
  checkpoint -> optimization_logs_fit_a3_one_third_b4_one/checkpoints/best_0005_1776395857/
differential_evolution step 14: f(x)= 0.26692793747213545
differential_evolution step 15: f(x)= 0.26692793747213545
differential_evolution step 16: f(x)= 0.26692793747213545
differential_evolution step 17: f(x)= 0.26692793747213545
differential_evolution step 18: f(x)= 0.26692793747213545
differential_evolution step 19: f(x)= 0.26692793747213545
differential_evolution step 20: f(x)= 0.26692793747213545
differential_evolution step 21: f(x)= 0.26692793747213545
differential_evolution step 22: f(x)= 0.26692793747213545
differential_evolution step 23: f(x)= 0.26692793747213545
New Best: 0.182507 (mse_hist_eh=0.20439 gap=0.35557 pen=0.000)
  checkpoint -> optimization_logs_fit_a3_one_third_b4_one/checkpoints/best_0006_1776395929/
differential_evolution step 24: f(x)= 0.18250657881523688
differential_evolution step 25: f(x)= 0.18250657881523688
differential_evolution step 26: f(x)= 0.18250657881523688
differential_evolution step 27: f(x)= 0.18250657881523688
differential_evolution step 1: f(x)= 22538.21930772262
