
======== Mega iteration 1/25 (no early stop — always improving) ========

Pass 1: Latin Hypercube 150 samples
New Best: 8112517.615042 (mse_hist_eh=3.40601 gap=-0.03339 pen=8112514.647)
New Best: 1478281.654959 (mse_hist_eh=40.37019 gap=-0.64333 pen=1478245.077)
New Best: 874938.968756 (mse_hist_eh=4.23815 gap=-0.07018 pen=874935.263)
New Best: 37245.700565 (mse_hist_eh=8.35500 gap=-0.14331 pen=37238.748)
New Best: 242.320457 (mse_hist_eh=6.20963 gap=16.27959 pen=234.569)
  checkpoint -> optimization_logs/checkpoints/best_0001_1775221275/
Pass 1 done in 14.46s. Best loss so far: 242.320457
Pass 2: Differential Evolution
New Best: 119.006612 (mse_hist_eh=3.26736 gap=0.53335 pen=115.892)
  checkpoint -> optimization_logs/checkpoints/best_0002_1775221283/
differential_evolution step 1: f(x)= 119.00661164941124
differential_evolution step 2: f(x)= 119.00661164941124
differential_evolution step 3: f(x)= 119.00661164941124
differential_evolution step 4: f(x)= 119.00661164941124
differential_evolution step 5: f(x)= 119.00661164941124
differential_evolution step 6: f(x)= 119.00661164941124
New Best: 108.620732 (mse_hist_eh=0.61091 gap=0.17046 pen=108.101)
  checkpoint -> optimization_logs/checkpoints/best_0003_1775221313/
differential_evolution step 7: f(x)= 108.62073213717011
differential_evolution step 8: f(x)= 108.62073213717011
differential_evolution step 9: f(x)= 108.62073213717011
differential_evolution step 10: f(x)= 108.62073213717011
differential_evolution step 11: f(x)= 108.62073213717011
differential_evolution step 12: f(x)= 108.62073213717011
differential_evolution step 13: f(x)= 108.62073213717011
differential_evolution step 14: f(x)= 108.62073213717011
differential_evolution step 15: f(x)= 108.62073213717011
New Best: 89.536859 (mse_hist_eh=1.13767 gap=0.34971 pen=88.505)
  checkpoint -> optimization_logs/checkpoints/best_0004_1775221346/
New Best: 2.215287 (mse_hist_eh=1.48006 gap=5.76011 pen=0.000)
  checkpoint -> optimization_logs/checkpoints/best_0005_1775221350/
differential_evolution step 16: f(x)= 2.2152869882199075
differential_evolution step 17: f(x)= 2.2152869882199075
differential_evolution step 18: f(x)= 2.2152869882199075
differential_evolution step 19: f(x)= 2.2152869882199075
differential_evolution step 20: f(x)= 2.2152869882199075
differential_evolution step 21: f(x)= 2.2152869882199075
differential_evolution step 22: f(x)= 2.2152869882199075
differential_evolution step 23: f(x)= 2.2152869882199075
differential_evolution step 24: f(x)= 2.2152869882199075
differential_evolution step 25: f(x)= 2.2152869882199075
differential_evolution step 26: f(x)= 2.2152869882199075
differential_evolution step 27: f(x)= 2.2152869882199075
differential_evolution step 1: f(x)= 30068.732255044353
differential_evolution step 2: f(x)= 30068.732255044353
differential_evolution step 3: f(x)= 12182.705123804062
differential_evolution step 4: f(x)= 12182.705123804062
differential_evolution step 5: f(x)= 4002.948459479786
differential_evolution step 6: f(x)= 13.275263189563486
differential_evolution step 7: f(x)= 13.275263189563486
differential_evolution step 8: f(x)= 13.275263189563486
New Best: 1.767554 (mse_hist_eh=1.81209 gap=1.81939 pen=0.000)
  checkpoint -> optimization_logs/checkpoints/best_0006_1775221399/
differential_evolution step 9: f(x)= 1.7675542808875635
differential_evolution step 10: f(x)= 1.7675542808875635
differential_evolution step 11: f(x)= 1.7675542808875635
differential_evolution step 12: f(x)= 1.7675542808875635
differential_evolution step 13: f(x)= 1.7675542808875635
differential_evolution step 14: f(x)= 1.7675542808875635
New Best: 1.512526 (mse_hist_eh=1.51663 gap=2.12368 pen=0.000)
  checkpoint -> optimization_logs/checkpoints/best_0007_1775221415/
differential_evolution step 15: f(x)= 1.5125262571386924
differential_evolution step 16: f(x)= 1.5125262571386924
New Best: 0.306458 (mse_hist_eh=0.33673 gap=0.29823 pen=0.000)
  checkpoint -> optimization_logs/checkpoints/best_0008_1775221418/
differential_evolution step 17: f(x)= 0.3064578041122221
differential_evolution step 18: f(x)= 0.3064578041122221
differential_evolution step 19: f(x)= 0.3064578041122221
differential_evolution step 20: f(x)= 0.3064578041122221
differential_evolution step 21: f(x)= 0.3064578041122221
differential_evolution step 22: f(x)= 0.3064578041122221
differential_evolution step 23: f(x)= 0.3064578041122221
differential_evolution step 24: f(x)= 0.3064578041122221
differential_evolution step 25: f(x)= 0.3064578041122221
New Best: 0.127783 (mse_hist_eh=0.13124 gap=0.36128 pen=0.000)
  checkpoint -> optimization_logs/checkpoints/best_0009_1775221454/
differential_evolution step 26: f(x)= 0.1277827087618958
differential_evolution step 27: f(x)= 0.1277827087618958
differential_evolution step 28: f(x)= 0.1277827087618958
differential_evolution step 29: f(x)= 0.1277827087618958
differential_evolution step 30: f(x)= 0.1277827087618958
differential_evolution step 31: f(x)= 0.1277827087618958
differential_evolution step 32: f(x)= 0.1277827087618958
differential_evolution step 33: f(x)= 0.1277827087618958
differential_evolution step 1: f(x)= 33187.337632189745
differential_evolution step 2: f(x)= 33187.337632189745
differential_evolution step 3: f(x)= 33187.337632189745
differential_evolution step 4: f(x)= 33187.337632189745
differential_evolution step 5: f(x)= 33187.337632189745
differential_evolution step 6: f(x)= 33187.337632189745
differential_evolution step 7: f(x)= 30472.460811042005
differential_evolution step 8: f(x)= 132.0142239440559
differential_evolution step 9: f(x)= 132.0142239440559
differential_evolution step 10: f(x)= 110.4765484516118
differential_evolution step 11: f(x)= 33.40669722547674
differential_evolution step 12: f(x)= 33.40669722547674
differential_evolution step 13: f(x)= 33.40669722547674
differential_evolution step 14: f(x)= 33.40669722547674
differential_evolution step 15: f(x)= 33.40669722547674
differential_evolution step 16: f(x)= 33.40669722547674
differential_evolution step 17: f(x)= 33.40669722547674
differential_evolution step 18: f(x)= 33.40669722547674
differential_evolution step 19: f(x)= 33.40669722547674
differential_evolution step 20: f(x)= 33.40669722547674
differential_evolution step 21: f(x)= 33.40669722547674
differential_evolution step 22: f(x)= 33.40669722547674
differential_evolution step 23: f(x)= 33.40669722547674
differential_evolution step 24: f(x)= 33.40669722547674
differential_evolution step 25: f(x)= 33.40669722547674
differential_evolution step 26: f(x)= 33.40669722547674
differential_evolution step 27: f(x)= 1.533985161146811
differential_evolution step 28: f(x)= 1.533985161146811
differential_evolution step 29: f(x)= 1.533985161146811
differential_evolution step 30: f(x)= 1.533985161146811
differential_evolution step 31: f(x)= 1.533985161146811
differential_evolution step 32: f(x)= 1.533985161146811
differential_evolution step 33: f(x)= 1.533985161146811
differential_evolution step 34: f(x)= 1.533985161146811
differential_evolution step 35: f(x)= 1.533985161146811
differential_evolution step 36: f(x)= 1.533985161146811
differential_evolution step 37: f(x)= 1.533985161146811
differential_evolution step 38: f(x)= 1.533985161146811
differential_evolution step 39: f(x)= 1.533985161146811
differential_evolution step 40: f(x)= 1.533985161146811
differential_evolution step 41: f(x)= 1.533985161146811
differential_evolution step 42: f(x)= 0.34408543827339
differential_evolution step 43: f(x)= 0.34408543827339
differential_evolution step 44: f(x)= 0.34408543827339
differential_evolution step 45: f(x)= 0.34408543827339
differential_evolution step 46: f(x)= 0.2699202168860276
differential_evolution step 47: f(x)= 0.2699202168860276
differential_evolution step 48: f(x)= 0.2699202168860276
differential_evolution step 49: f(x)= 0.2699202168860276
differential_evolution step 50: f(x)= 0.2689644305300484
differential_evolution step 51: f(x)= 0.2689644305300484
differential_evolution step 52: f(x)= 0.2689644305300484
Pass 2 done in 319.09s. DE reports fun=0.127783
Global best check: loss=0.127783 g_std=0.04361 R2_eh=0.4995 R2_0=-0.8784 crash_ratio=240.600 narr_decl=0.8462 narr_rec=3.5664 ok=False cert_score=0.87757
[good snapshot] -> optimization_logs/checkpoints/good_mega0001_r2_0.4995_loss_0.1278_1775221602/
[pivot] mega=1 expanded/jittered working_bounds

======== Mega iteration 2/25 (no early stop — always improving) ========

Pass 1: Latin Hypercube 150 samples
Pass 1 done in 11.91s. Best loss so far: 0.127783
Pass 2: Differential Evolution
differential_evolution step 1: f(x)= 29200.565418337315
differential_evolution step 2: f(x)= 54.779859187346915
differential_evolution step 3: f(x)= 54.779859187346915
differential_evolution step 4: f(x)= 54.779859187346915
differential_evolution step 5: f(x)= 54.779859187346915
differential_evolution step 6: f(x)= 54.779859187346915
differential_evolution step 7: f(x)= 54.779859187346915
differential_evolution step 8: f(x)= 54.779859187346915
differential_evolution step 9: f(x)= 0.3420729713890084
differential_evolution step 10: f(x)= 0.3420729713890084
differential_evolution step 11: f(x)= 0.3420729713890084
differential_evolution step 12: f(x)= 0.3420729713890084
differential_evolution step 13: f(x)= 0.3420729713890084
differential_evolution step 14: f(x)= 0.3420729713890084
differential_evolution step 15: f(x)= 0.3420729713890084
differential_evolution step 16: f(x)= 0.3420729713890084
differential_evolution step 17: f(x)= 0.3420729713890084
differential_evolution step 18: f(x)= 0.3420729713890084
differential_evolution step 19: f(x)= 0.3420729713890084
differential_evolution step 20: f(x)= 0.22396359433847718
differential_evolution step 21: f(x)= 0.22396359433847718
differential_evolution step 22: f(x)= 0.22396359433847718
differential_evolution step 23: f(x)= 0.22396359433847718
differential_evolution step 24: f(x)= 0.22396359433847718
differential_evolution step 25: f(x)= 0.22396359433847718
differential_evolution step 26: f(x)= 0.22396359433847718
differential_evolution step 27: f(x)= 0.22396359433847718
differential_evolution step 1: f(x)= 112.06383941130433
differential_evolution step 2: f(x)= 110.41030441585042
differential_evolution step 3: f(x)= 110.41030441585042
differential_evolution step 4: f(x)= 110.41030441585042
differential_evolution step 5: f(x)= 110.41030441585042
differential_evolution step 6: f(x)= 95.93892431405587
differential_evolution step 7: f(x)= 95.93892431405587
differential_evolution step 8: f(x)= 95.93892431405587
differential_evolution step 9: f(x)= 0.3224047209104707
differential_evolution step 10: f(x)= 0.3224047209104707
differential_evolution step 11: f(x)= 0.3224047209104707
differential_evolution step 12: f(x)= 0.3224047209104707
differential_evolution step 13: f(x)= 0.3224047209104707
differential_evolution step 14: f(x)= 0.3224047209104707
differential_evolution step 15: f(x)= 0.3224047209104707
differential_evolution step 16: f(x)= 0.3224047209104707
differential_evolution step 17: f(x)= 0.3224047209104707
differential_evolution step 18: f(x)= 0.3224047209104707
differential_evolution step 19: f(x)= 0.29321801809544534
differential_evolution step 20: f(x)= 0.29321801809544534
differential_evolution step 21: f(x)= 0.29321801809544534
differential_evolution step 22: f(x)= 0.21073448965408925
differential_evolution step 23: f(x)= 0.14528621669018746
differential_evolution step 24: f(x)= 0.1303302509247286
differential_evolution step 25: f(x)= 0.1303302509247286
differential_evolution step 26: f(x)= 0.1303302509247286
differential_evolution step 27: f(x)= 0.1303302509247286
differential_evolution step 28: f(x)= 0.1303302509247286
differential_evolution step 29: f(x)= 0.1303302509247286
differential_evolution step 30: f(x)= 0.1303302509247286
differential_evolution step 31: f(x)= 0.1303302509247286
differential_evolution step 32: f(x)= 0.1303302509247286
New Best: 0.087234 (mse_hist_eh=0.08346 gap=0.38626 pen=0.000)
  checkpoint -> optimization_logs/checkpoints/best_0010_1775221842/
differential_evolution step 33: f(x)= 0.0872341585505841
differential_evolution step 1: f(x)= 36960.99766862393
differential_evolution step 2: f(x)= 33788.384263173764
differential_evolution step 3: f(x)= 31821.040270348105
differential_evolution step 4: f(x)= 31821.040270348105
differential_evolution step 5: f(x)= 29694.83292616992
differential_evolution step 6: f(x)= 120.01631723725559
differential_evolution step 7: f(x)= 120.01631723725559
differential_evolution step 8: f(x)= 1.127267482929188
differential_evolution step 9: f(x)= 1.127267482929188
differential_evolution step 10: f(x)= 1.127267482929188
differential_evolution step 11: f(x)= 1.127267482929188
differential_evolution step 12: f(x)= 1.127267482929188
differential_evolution step 13: f(x)= 1.127267482929188
differential_evolution step 14: f(x)= 1.127267482929188
differential_evolution step 15: f(x)= 1.127267482929188
differential_evolution step 16: f(x)= 1.127267482929188
differential_evolution step 17: f(x)= 1.127267482929188
differential_evolution step 18: f(x)= 1.127267482929188
differential_evolution step 19: f(x)= 1.127267482929188
differential_evolution step 20: f(x)= 1.127267482929188
differential_evolution step 21: f(x)= 1.127267482929188
differential_evolution step 22: f(x)= 1.127267482929188
differential_evolution step 23: f(x)= 1.127267482929188
differential_evolution step 24: f(x)= 1.127267482929188
differential_evolution step 25: f(x)= 1.127267482929188
differential_evolution step 26: f(x)= 1.127267482929188
differential_evolution step 27: f(x)= 1.127267482929188
differential_evolution step 28: f(x)= 1.127267482929188
differential_evolution step 29: f(x)= 1.127267482929188
differential_evolution step 30: f(x)= 1.127267482929188
differential_evolution step 31: f(x)= 1.127267482929188
differential_evolution step 32: f(x)= 1.127267482929188
differential_evolution step 33: f(x)= 1.127267482929188
differential_evolution step 34: f(x)= 1.127267482929188
differential_evolution step 35: f(x)= 1.127267482929188
differential_evolution step 36: f(x)= 1.127267482929188
differential_evolution step 37: f(x)= 1.127267482929188
differential_evolution step 38: f(x)= 1.127267482929188
differential_evolution step 39: f(x)= 1.127267482929188
differential_evolution step 40: f(x)= 1.127267482929188
differential_evolution step 41: f(x)= 1.127267482929188
differential_evolution step 42: f(x)= 1.127267482929188
differential_evolution step 43: f(x)= 1.127267482929188
differential_evolution step 44: f(x)= 1.127267482929188
differential_evolution step 45: f(x)= 1.127267482929188
differential_evolution step 46: f(x)= 1.127267482929188
differential_evolution step 47: f(x)= 1.127267482929188
differential_evolution step 48: f(x)= 1.127267482929188
differential_evolution step 49: f(x)= 1.127267482929188
differential_evolution step 50: f(x)= 1.127267482929188
differential_evolution step 51: f(x)= 1.127267482929188
differential_evolution step 52: f(x)= 1.127267482929188
Pass 2 done in 311.76s. DE reports fun=0.087234
Global best check: loss=0.087234 g_std=0.06148 R2_eh=0.6817 R2_0=-0.7914 crash_ratio=166.707 narr_decl=0.7548 narr_rec=2.3336 ok=False cert_score=1.06550
[good snapshot] -> optimization_logs/checkpoints/good_mega0002_r2_0.6817_loss_0.0872_1775221926/
[pivot] mega=2 expanded/jittered working_bounds

======== Mega iteration 3/25 (no early stop — always improving) ========

Pass 1: Latin Hypercube 150 samples
Pass 1 done in 7.16s. Best loss so far: 0.087234
Pass 2: Differential Evolution
differential_evolution step 1: f(x)= 211.52820269502018
differential_evolution step 2: f(x)= 211.52820269502018
differential_evolution step 3: f(x)= 147.62514811401277
differential_evolution step 4: f(x)= 147.62514811401277
differential_evolution step 5: f(x)= 147.62514811401277
differential_evolution step 6: f(x)= 147.62514811401277
differential_evolution step 7: f(x)= 112.0979431352103
differential_evolution step 8: f(x)= 112.0979431352103
differential_evolution step 9: f(x)= 103.4259718939475
differential_evolution step 10: f(x)= 103.4259718939475
differential_evolution step 11: f(x)= 80.95954663973603
differential_evolution step 12: f(x)= 80.95954663973603
differential_evolution step 13: f(x)= 80.95954663973603
differential_evolution step 14: f(x)= 80.95954663973603
differential_evolution step 15: f(x)= 0.4183918018335627
differential_evolution step 16: f(x)= 0.4183918018335627
differential_evolution step 17: f(x)= 0.4183918018335627
differential_evolution step 18: f(x)= 0.4183918018335627
differential_evolution step 19: f(x)= 0.4183918018335627
differential_evolution step 20: f(x)= 0.4183918018335627
differential_evolution step 21: f(x)= 0.4183918018335627
differential_evolution step 22: f(x)= 0.4183918018335627
differential_evolution step 23: f(x)= 0.4183918018335627
differential_evolution step 24: f(x)= 0.4183918018335627
differential_evolution step 25: f(x)= 0.4183918018335627
differential_evolution step 26: f(x)= 0.4183918018335627
differential_evolution step 27: f(x)= 0.4183918018335627
differential_evolution step 1: f(x)= 43523.765100801436
differential_evolution step 2: f(x)= 24742.159144360547
differential_evolution step 3: f(x)= 4134.972987723156
differential_evolution step 4: f(x)= 4105.149117937541
differential_evolution step 5: f(x)= 4105.149117937541
differential_evolution step 6: f(x)= 4105.149117937541
differential_evolution step 7: f(x)= 4105.149117937541
differential_evolution step 8: f(x)= 2.6131835246383477
differential_evolution step 9: f(x)= 2.6131835246383477
differential_evolution step 10: f(x)= 2.6131835246383477
differential_evolution step 11: f(x)= 1.3245922179785086
differential_evolution step 12: f(x)= 0.2325469430959165
differential_evolution step 13: f(x)= 0.2325469430959165
differential_evolution step 14: f(x)= 0.2325469430959165
differential_evolution step 15: f(x)= 0.2325469430959165
differential_evolution step 16: f(x)= 0.2325469430959165
differential_evolution step 17: f(x)= 0.19220040740984198
differential_evolution step 18: f(x)= 0.19220040740984198
differential_evolution step 19: f(x)= 0.19220040740984198
differential_evolution step 20: f(x)= 0.19220040740984198
differential_evolution step 21: f(x)= 0.19220040740984198
differential_evolution step 22: f(x)= 0.19220040740984198
differential_evolution step 23: f(x)= 0.19220040740984198
differential_evolution step 24: f(x)= 0.19220040740984198
differential_evolution step 25: f(x)= 0.13186818494887756
differential_evolution step 26: f(x)= 0.13186818494887756
differential_evolution step 27: f(x)= 0.10624338508974289
differential_evolution step 28: f(x)= 0.10624338508974289
differential_evolution step 29: f(x)= 0.10624338508974289
differential_evolution step 30: f(x)= 0.10624338508974289
differential_evolution step 31: f(x)= 0.10624338508974289
differential_evolution step 32: f(x)= 0.10624338508974289
differential_evolution step 33: f(x)= 0.10624338508974289
differential_evolution step 1: f(x)= 29087.006671212872
differential_evolution step 2: f(x)= 25697.82700134525
differential_evolution step 3: f(x)= 10715.987677189958
differential_evolution step 4: f(x)= 201.13331276968145
differential_evolution step 5: f(x)= 201.13331276968145
differential_evolution step 6: f(x)= 108.2274364244004
differential_evolution step 7: f(x)= 0.8417075162278154
differential_evolution step 8: f(x)= 0.8417075162278154
differential_evolution step 9: f(x)= 0.8417075162278154
differential_evolution step 10: f(x)= 0.8417075162278154
differential_evolution step 11: f(x)= 0.8417075162278154
differential_evolution step 12: f(x)= 0.8417075162278154
differential_evolution step 13: f(x)= 0.8417075162278154
differential_evolution step 14: f(x)= 0.8417075162278154
differential_evolution step 15: f(x)= 0.8417075162278154
differential_evolution step 16: f(x)= 0.8417075162278154
differential_evolution step 17: f(x)= 0.8417075162278154
differential_evolution step 18: f(x)= 0.8417075162278154
differential_evolution step 19: f(x)= 0.8417075162278154
differential_evolution step 20: f(x)= 0.8417075162278154
differential_evolution step 21: f(x)= 0.8417075162278154
differential_evolution step 22: f(x)= 0.8417075162278154
differential_evolution step 23: f(x)= 0.8417075162278154
differential_evolution step 24: f(x)= 0.4716832779114756
differential_evolution step 25: f(x)= 0.4716832779114756
differential_evolution step 26: f(x)= 0.4716832779114756
differential_evolution step 27: f(x)= 0.4716832779114756
differential_evolution step 28: f(x)= 0.4716832779114756
differential_evolution step 29: f(x)= 0.4716832779114756
differential_evolution step 30: f(x)= 0.4716832779114756
differential_evolution step 31: f(x)= 0.3645336206587487
differential_evolution step 32: f(x)= 0.3645336206587487
differential_evolution step 33: f(x)= 0.3645336206587487
differential_evolution step 34: f(x)= 0.3645336206587487
differential_evolution step 35: f(x)= 0.3645336206587487
differential_evolution step 36: f(x)= 0.3645336206587487
differential_evolution step 37: f(x)= 0.3645336206587487
differential_evolution step 38: f(x)= 0.3645336206587487
differential_evolution step 39: f(x)= 0.3645336206587487
differential_evolution step 40: f(x)= 0.3645336206587487
differential_evolution step 41: f(x)= 0.3645336206587487
differential_evolution step 42: f(x)= 0.3645336206587487
differential_evolution step 43: f(x)= 0.3645336206587487
differential_evolution step 44: f(x)= 0.3645336206587487
differential_evolution step 45: f(x)= 0.3645336206587487
differential_evolution step 46: f(x)= 0.3645336206587487
differential_evolution step 47: f(x)= 0.3645336206587487
differential_evolution step 48: f(x)= 0.3645336206587487
differential_evolution step 49: f(x)= 0.3645336206587487
differential_evolution step 50: f(x)= 0.3645336206587487
differential_evolution step 51: f(x)= 0.3645336206587487
differential_evolution step 52: f(x)= 0.34778827174568605
Pass 2 done in 310.09s. DE reports fun=0.106243
Global best check: loss=0.087234 g_std=0.06148 R2_eh=0.6817 R2_0=-0.7914 crash_ratio=166.707 narr_decl=0.7548 narr_rec=2.3336 ok=False cert_score=1.06550
[good snapshot] -> optimization_logs/checkpoints/good_mega0003_r2_0.6817_loss_0.0872_1775222244/
[pivot] mega=3 expanded/jittered working_bounds

======== Mega iteration 4/25 (no early stop — always improving) ========

Pass 1: Latin Hypercube 150 samples
Pass 1 done in 12.07s. Best loss so far: 0.087234
Pass 2: Differential Evolution
differential_evolution step 1: f(x)= 197.6217596060403
differential_evolution step 2: f(x)= 197.6217596060403
differential_evolution step 3: f(x)= 197.6217596060403
differential_evolution step 4: f(x)= 197.6217596060403
differential_evolution step 5: f(x)= 0.5462781081793129
differential_evolution step 6: f(x)= 0.5462781081793129
differential_evolution step 7: f(x)= 0.5462781081793129
differential_evolution step 8: f(x)= 0.5462781081793129
differential_evolution step 9: f(x)= 0.5462781081793129
differential_evolution step 10: f(x)= 0.5462781081793129
differential_evolution step 11: f(x)= 0.5462781081793129
differential_evolution step 12: f(x)= 0.5462781081793129
differential_evolution step 13: f(x)= 0.5462781081793129
differential_evolution step 14: f(x)= 0.5462781081793129
differential_evolution step 15: f(x)= 0.5462781081793129
differential_evolution step 16: f(x)= 0.5462781081793129
differential_evolution step 17: f(x)= 0.5462781081793129
differential_evolution step 18: f(x)= 0.5462781081793129
differential_evolution step 19: f(x)= 0.5462781081793129
differential_evolution step 20: f(x)= 0.4178510053299875
differential_evolution step 21: f(x)= 0.4178510053299875
differential_evolution step 22: f(x)= 0.4178510053299875
differential_evolution step 23: f(x)= 0.4178510053299875
differential_evolution step 24: f(x)= 0.4178510053299875
differential_evolution step 25: f(x)= 0.4178510053299875
differential_evolution step 26: f(x)= 0.4178510053299875
differential_evolution step 27: f(x)= 0.4178510053299875
differential_evolution step 1: f(x)= 32886.796399455656
differential_evolution step 2: f(x)= 32886.796399455656
differential_evolution step 3: f(x)= 132.36004435275382
differential_evolution step 4: f(x)= 132.36004435275382
differential_evolution step 5: f(x)= 114.88558612183576
differential_evolution step 6: f(x)= 114.88558612183576
differential_evolution step 7: f(x)= 114.88558612183576
differential_evolution step 8: f(x)= 114.88558612183576
differential_evolution step 9: f(x)= 105.0077852714799
differential_evolution step 10: f(x)= 105.0077852714799
differential_evolution step 11: f(x)= 105.0077852714799
differential_evolution step 12: f(x)= 105.0077852714799
differential_evolution step 13: f(x)= 105.0077852714799
differential_evolution step 14: f(x)= 105.0077852714799
differential_evolution step 15: f(x)= 23.302509152368145
differential_evolution step 16: f(x)= 23.302509152368145
differential_evolution step 17: f(x)= 23.302509152368145
differential_evolution step 18: f(x)= 23.302509152368145
differential_evolution step 19: f(x)= 23.302509152368145
differential_evolution step 20: f(x)= 23.302509152368145
differential_evolution step 21: f(x)= 23.302509152368145
differential_evolution step 22: f(x)= 23.302509152368145
differential_evolution step 23: f(x)= 23.302509152368145
differential_evolution step 24: f(x)= 23.302509152368145
differential_evolution step 25: f(x)= 23.302509152368145
differential_evolution step 26: f(x)= 11.577379324537292
differential_evolution step 27: f(x)= 11.577379324537292
differential_evolution step 28: f(x)= 11.577379324537292
differential_evolution step 29: f(x)= 0.20720483064871703
differential_evolution step 30: f(x)= 0.20720483064871703
differential_evolution step 31: f(x)= 0.20720483064871703
differential_evolution step 32: f(x)= 0.20720483064871703
differential_evolution step 33: f(x)= 0.17579370884003562
differential_evolution step 1: f(x)= 48916.383083426976
differential_evolution step 2: f(x)= 19698.03023251651
differential_evolution step 3: f(x)= 89.92711838589
differential_evolution step 4: f(x)= 89.92711838589
differential_evolution step 5: f(x)= 89.92711838589
differential_evolution step 6: f(x)= 4.185195411572881
differential_evolution step 7: f(x)= 4.185195411572881
differential_evolution step 8: f(x)= 4.185195411572881
differential_evolution step 9: f(x)= 4.185195411572881
differential_evolution step 10: f(x)= 0.8428235747734001
differential_evolution step 11: f(x)= 0.8428235747734001
differential_evolution step 12: f(x)= 0.8428235747734001
differential_evolution step 13: f(x)= 0.2526955592408486
differential_evolution step 14: f(x)= 0.2526955592408486
differential_evolution step 15: f(x)= 0.2526955592408486
differential_evolution step 16: f(x)= 0.2526955592408486
differential_evolution step 17: f(x)= 0.2526955592408486
differential_evolution step 18: f(x)= 0.2526955592408486
differential_evolution step 19: f(x)= 0.21759392821998605
differential_evolution step 20: f(x)= 0.21759392821998605
differential_evolution step 21: f(x)= 0.21759392821998605
differential_evolution step 22: f(x)= 0.21759392821998605
differential_evolution step 23: f(x)= 0.21759392821998605
differential_evolution step 24: f(x)= 0.21759392821998605
differential_evolution step 25: f(x)= 0.21759392821998605
differential_evolution step 26: f(x)= 0.21759392821998605
differential_evolution step 27: f(x)= 0.21759392821998605
differential_evolution step 28: f(x)= 0.21759392821998605
differential_evolution step 29: f(x)= 0.21759392821998605
differential_evolution step 30: f(x)= 0.21759392821998605
differential_evolution step 31: f(x)= 0.21759392821998605
differential_evolution step 32: f(x)= 0.21759392821998605
differential_evolution step 33: f(x)= 0.21759392821998605
differential_evolution step 34: f(x)= 0.21759392821998605
differential_evolution step 35: f(x)= 0.21759392821998605
differential_evolution step 36: f(x)= 0.21759392821998605
differential_evolution step 37: f(x)= 0.21759392821998605
differential_evolution step 38: f(x)= 0.21759392821998605
differential_evolution step 39: f(x)= 0.21759392821998605
differential_evolution step 40: f(x)= 0.21759392821998605
differential_evolution step 41: f(x)= 0.21759392821998605
differential_evolution step 42: f(x)= 0.21759392821998605
differential_evolution step 43: f(x)= 0.21759392821998605
differential_evolution step 44: f(x)= 0.21759392821998605
differential_evolution step 45: f(x)= 0.21759392821998605
differential_evolution step 46: f(x)= 0.21759392821998605
differential_evolution step 47: f(x)= 0.21759392821998605
differential_evolution step 48: f(x)= 0.21759392821998605
differential_evolution step 49: f(x)= 0.21759392821998605
differential_evolution step 50: f(x)= 0.18540496838193182
differential_evolution step 51: f(x)= 0.18540496838193182
differential_evolution step 52: f(x)= 0.18540496838193182
Pass 2 done in 270.66s. DE reports fun=0.175794
Global best check: loss=0.087234 g_std=0.06148 R2_eh=0.6817 R2_0=-0.7914 crash_ratio=166.707 narr_decl=0.7548 narr_rec=2.3336 ok=False cert_score=1.06550
[good snapshot] -> optimization_logs/checkpoints/good_mega0004_r2_0.6817_loss_0.0872_1775222527/
[pivot] mega=4 expanded/jittered working_bounds

======== Mega iteration 5/25 (no early stop — always improving) ========

Pass 1: Latin Hypercube 150 samples
Pass 1 done in 6.83s. Best loss so far: 0.087234
Pass 2: Differential Evolution
differential_evolution step 1: f(x)= 143.080486521251
differential_evolution step 2: f(x)= 143.080486521251
differential_evolution step 3: f(x)= 107.40530395779389
differential_evolution step 4: f(x)= 107.40530395779389
differential_evolution step 5: f(x)= 107.40530395779389
differential_evolution step 6: f(x)= 107.40530395779389
differential_evolution step 7: f(x)= 0.23226131320121354
differential_evolution step 8: f(x)= 0.23226131320121354
differential_evolution step 9: f(x)= 0.23226131320121354
differential_evolution step 10: f(x)= 0.23226131320121354
differential_evolution step 11: f(x)= 0.23226131320121354
differential_evolution step 12: f(x)= 0.23226131320121354
differential_evolution step 13: f(x)= 0.23226131320121354
differential_evolution step 14: f(x)= 0.23226131320121354
differential_evolution step 15: f(x)= 0.23226131320121354
differential_evolution step 16: f(x)= 0.23226131320121354
differential_evolution step 17: f(x)= 0.23226131320121354
differential_evolution step 18: f(x)= 0.19351628991753023
differential_evolution step 19: f(x)= 0.19351628991753023
differential_evolution step 20: f(x)= 0.19351628991753023
differential_evolution step 21: f(x)= 0.19351628991753023
differential_evolution step 22: f(x)= 0.19351628991753023
differential_evolution step 23: f(x)= 0.19351628991753023
differential_evolution step 24: f(x)= 0.19351628991753023
differential_evolution step 25: f(x)= 0.19351628991753023
differential_evolution step 26: f(x)= 0.19351628991753023
differential_evolution step 27: f(x)= 0.19351628991753023
differential_evolution step 1: f(x)= 10323.987484448784
differential_evolution step 2: f(x)= 10323.987484448784
differential_evolution step 3: f(x)= 2242.594572886207
differential_evolution step 4: f(x)= 102.93942507481617
differential_evolution step 5: f(x)= 74.32265707617005
differential_evolution step 6: f(x)= 74.32265707617005
differential_evolution step 7: f(x)= 1.9190468093887971
differential_evolution step 8: f(x)= 1.9190468093887971
differential_evolution step 9: f(x)= 1.9190468093887971
differential_evolution step 10: f(x)= 1.9190468093887971
differential_evolution step 11: f(x)= 1.9190468093887971
differential_evolution step 12: f(x)= 1.9190468093887971
differential_evolution step 13: f(x)= 1.9190468093887971
differential_evolution step 14: f(x)= 1.9190468093887971
differential_evolution step 15: f(x)= 1.9190468093887971
differential_evolution step 16: f(x)= 1.9190468093887971
differential_evolution step 17: f(x)= 1.9190468093887971
differential_evolution step 18: f(x)= 1.9190468093887971
differential_evolution step 19: f(x)= 1.9190468093887971
differential_evolution step 20: f(x)= 1.9190468093887971
differential_evolution step 21: f(x)= 1.9190468093887971
differential_evolution step 22: f(x)= 0.5221488294795341
differential_evolution step 23: f(x)= 0.5221488294795341
differential_evolution step 24: f(x)= 0.5221488294795341
differential_evolution step 25: f(x)= 0.5221488294795341
differential_evolution step 26: f(x)= 0.5221488294795341
differential_evolution step 27: f(x)= 0.5221488294795341
differential_evolution step 28: f(x)= 0.5221488294795341
differential_evolution step 29: f(x)= 0.5221488294795341
differential_evolution step 30: f(x)= 0.5221488294795341
differential_evolution step 31: f(x)= 0.5221488294795341
differential_evolution step 32: f(x)= 0.5221488294795341
differential_evolution step 33: f(x)= 0.5221488294795341
differential_evolution step 1: f(x)= 14338.237230070908
differential_evolution step 2: f(x)= 236.03493368988256
differential_evolution step 3: f(x)= 236.03493368988256
differential_evolution step 4: f(x)= 114.02889131140618
differential_evolution step 5: f(x)= 114.02889131140618
differential_evolution step 6: f(x)= 114.02889131140618
differential_evolution step 7: f(x)= 114.02889131140618
differential_evolution step 8: f(x)= 114.02889131140618
differential_evolution step 9: f(x)= 114.02889131140618
differential_evolution step 10: f(x)= 114.02889131140618
differential_evolution step 11: f(x)= 114.02889131140618
differential_evolution step 12: f(x)= 114.02889131140618
differential_evolution step 13: f(x)= 114.02889131140618
differential_evolution step 14: f(x)= 93.88755979828643
differential_evolution step 15: f(x)= 93.88755979828643
differential_evolution step 16: f(x)= 84.01007540814024
differential_evolution step 17: f(x)= 84.01007540814024
differential_evolution step 18: f(x)= 79.95936293494614
differential_evolution step 19: f(x)= 7.093787715887212
differential_evolution step 20: f(x)= 7.093787715887212
differential_evolution step 21: f(x)= 7.093787715887212
differential_evolution step 22: f(x)= 7.093787715887212
differential_evolution step 23: f(x)= 7.093787715887212
differential_evolution step 24: f(x)= 7.093787715887212
differential_evolution step 25: f(x)= 7.093787715887212
differential_evolution step 26: f(x)= 7.093787715887212
differential_evolution step 27: f(x)= 7.093787715887212
differential_evolution step 28: f(x)= 7.093787715887212
differential_evolution step 29: f(x)= 7.093787715887212
differential_evolution step 30: f(x)= 0.33649323789099517
differential_evolution step 31: f(x)= 0.33649323789099517
differential_evolution step 32: f(x)= 0.33649323789099517
differential_evolution step 33: f(x)= 0.33649323789099517
differential_evolution step 34: f(x)= 0.33649323789099517
differential_evolution step 35: f(x)= 0.2492378607618888
differential_evolution step 36: f(x)= 0.2492378607618888
differential_evolution step 37: f(x)= 0.2492378607618888
differential_evolution step 38: f(x)= 0.2492378607618888
differential_evolution step 39: f(x)= 0.2492378607618888
differential_evolution step 40: f(x)= 0.2492378607618888
differential_evolution step 41: f(x)= 0.2492378607618888
differential_evolution step 42: f(x)= 0.2492378607618888
differential_evolution step 43: f(x)= 0.2492378607618888
differential_evolution step 44: f(x)= 0.2492378607618888
differential_evolution step 45: f(x)= 0.2492378607618888
differential_evolution step 46: f(x)= 0.2492378607618888
differential_evolution step 47: f(x)= 0.2492378607618888
differential_evolution step 48: f(x)= 0.2492378607618888
differential_evolution step 49: f(x)= 0.2492378607618888
differential_evolution step 50: f(x)= 0.2492378607618888
differential_evolution step 51: f(x)= 0.211649926805472
differential_evolution step 52: f(x)= 0.211649926805472
Pass 2 done in 290.83s. DE reports fun=0.193516
Global best check: loss=0.087234 g_std=0.06148 R2_eh=0.6817 R2_0=-0.7914 crash_ratio=166.707 narr_decl=0.7548 narr_rec=2.3336 ok=False cert_score=1.06550
[good snapshot] -> optimization_logs/checkpoints/good_mega0005_r2_0.6817_loss_0.0872_1775222825/
[pivot] mega=5 expanded/jittered working_bounds

======== Mega iteration 6/25 (no early stop — always improving) ========

Pass 1: Latin Hypercube 150 samples
Pass 1 done in 6.94s. Best loss so far: 0.087234
Pass 2: Differential Evolution
differential_evolution step 1: f(x)= 202.92451925436228
differential_evolution step 2: f(x)= 120.3002064848313
differential_evolution step 3: f(x)= 120.3002064848313
differential_evolution step 4: f(x)= 120.3002064848313
differential_evolution step 5: f(x)= 120.3002064848313
differential_evolution step 6: f(x)= 120.3002064848313
differential_evolution step 7: f(x)= 103.70495664350312
differential_evolution step 8: f(x)= 103.70495664350312
differential_evolution step 9: f(x)= 103.70495664350312
differential_evolution step 10: f(x)= 103.70495664350312
differential_evolution step 11: f(x)= 103.70495664350312
differential_evolution step 12: f(x)= 103.70495664350312
differential_evolution step 13: f(x)= 100.30348429493439
differential_evolution step 14: f(x)= 100.30348429493439
differential_evolution step 15: f(x)= 3.878166919401431
differential_evolution step 16: f(x)= 3.878166919401431
differential_evolution step 17: f(x)= 3.878166919401431
differential_evolution step 18: f(x)= 0.6086641249700334
differential_evolution step 19: f(x)= 0.6086641249700334
differential_evolution step 20: f(x)= 0.6086641249700334
differential_evolution step 21: f(x)= 0.6086641249700334
differential_evolution step 22: f(x)= 0.6086641249700334
differential_evolution step 23: f(x)= 0.6086641249700334
differential_evolution step 24: f(x)= 0.6086641249700334
differential_evolution step 25: f(x)= 0.6086641249700334
differential_evolution step 26: f(x)= 0.6086641249700334
differential_evolution step 27: f(x)= 0.6086641249700334
differential_evolution step 1: f(x)= 4173.08271518391
differential_evolution step 2: f(x)= 2213.2829134475305
differential_evolution step 3: f(x)= 2213.2829134475305
differential_evolution step 4: f(x)= 854.381429055584
differential_evolution step 5: f(x)= 854.381429055584
differential_evolution step 6: f(x)= 854.381429055584
differential_evolution step 7: f(x)= 83.06070283063366
differential_evolution step 8: f(x)= 83.06070283063366
differential_evolution step 9: f(x)= 83.06070283063366
differential_evolution step 10: f(x)= 83.06070283063366
differential_evolution step 11: f(x)= 83.06070283063366
differential_evolution step 12: f(x)= 83.06070283063366
differential_evolution step 13: f(x)= 83.06070283063366
differential_evolution step 14: f(x)= 83.06070283063366
differential_evolution step 15: f(x)= 83.06070283063366
differential_evolution step 16: f(x)= 83.06070283063366
differential_evolution step 17: f(x)= 83.06070283063366
differential_evolution step 18: f(x)= 83.06070283063366
differential_evolution step 19: f(x)= 83.06070283063366
differential_evolution step 20: f(x)= 83.06070283063366
differential_evolution step 21: f(x)= 83.06070283063366
differential_evolution step 22: f(x)= 83.06070283063366
differential_evolution step 23: f(x)= 83.06070283063366
differential_evolution step 24: f(x)= 1.6544816316264386
differential_evolution step 25: f(x)= 1.6544816316264386
differential_evolution step 26: f(x)= 1.6544816316264386
differential_evolution step 27: f(x)= 1.6544816316264386
differential_evolution step 28: f(x)= 1.6544816316264386
differential_evolution step 29: f(x)= 1.6544816316264386
differential_evolution step 30: f(x)= 1.6544816316264386
differential_evolution step 31: f(x)= 1.6544816316264386
differential_evolution step 32: f(x)= 1.6544816316264386
differential_evolution step 33: f(x)= 1.6544816316264386
differential_evolution step 1: f(x)= 222.61914404725033
differential_evolution step 2: f(x)= 47.49092583366449
differential_evolution step 3: f(x)= 47.49092583366449
differential_evolution step 4: f(x)= 47.49092583366449
differential_evolution step 5: f(x)= 47.49092583366449
differential_evolution step 6: f(x)= 47.49092583366449
differential_evolution step 7: f(x)= 47.49092583366449
differential_evolution step 8: f(x)= 2.139873670596935
differential_evolution step 9: f(x)= 2.139873670596935
differential_evolution step 10: f(x)= 2.139873670596935
differential_evolution step 11: f(x)= 2.139873670596935
differential_evolution step 12: f(x)= 2.139873670596935
differential_evolution step 13: f(x)= 2.139873670596935
differential_evolution step 14: f(x)= 2.139873670596935
differential_evolution step 15: f(x)= 2.139873670596935
differential_evolution step 16: f(x)= 0.7444486646593445
differential_evolution step 17: f(x)= 0.7444486646593445
differential_evolution step 18: f(x)= 0.7444486646593445
differential_evolution step 19: f(x)= 0.24651973934444293
differential_evolution step 20: f(x)= 0.24651973934444293
differential_evolution step 21: f(x)= 0.24651973934444293
differential_evolution step 22: f(x)= 0.24651973934444293
differential_evolution step 23: f(x)= 0.24651973934444293
differential_evolution step 24: f(x)= 0.24651973934444293
differential_evolution step 25: f(x)= 0.24651973934444293
differential_evolution step 26: f(x)= 0.24651973934444293
differential_evolution step 27: f(x)= 0.24651973934444293
differential_evolution step 28: f(x)= 0.24651973934444293
differential_evolution step 29: f(x)= 0.24651973934444293
differential_evolution step 30: f(x)= 0.24651973934444293
differential_evolution step 31: f(x)= 0.24651973934444293
differential_evolution step 32: f(x)= 0.16092116470292706
differential_evolution step 33: f(x)= 0.16092116470292706
differential_evolution step 34: f(x)= 0.16092116470292706
differential_evolution step 35: f(x)= 0.16092116470292706
differential_evolution step 36: f(x)= 0.16092116470292706
differential_evolution step 37: f(x)= 0.16092116470292706
differential_evolution step 38: f(x)= 0.16092116470292706
differential_evolution step 39: f(x)= 0.16092116470292706
differential_evolution step 40: f(x)= 0.16092116470292706
differential_evolution step 41: f(x)= 0.16092116470292706
differential_evolution step 42: f(x)= 0.16092116470292706
differential_evolution step 43: f(x)= 0.16092116470292706
differential_evolution step 44: f(x)= 0.16092116470292706
differential_evolution step 45: f(x)= 0.16092116470292706
differential_evolution step 46: f(x)= 0.16092116470292706
differential_evolution step 47: f(x)= 0.16092116470292706
differential_evolution step 48: f(x)= 0.16092116470292706
differential_evolution step 49: f(x)= 0.16092116470292706
differential_evolution step 50: f(x)= 0.16092116470292706
differential_evolution step 51: f(x)= 0.16092116470292706
differential_evolution step 52: f(x)= 0.16092116470292706
Pass 2 done in 641.33s. DE reports fun=0.160921
Global best check: loss=0.087234 g_std=0.06148 R2_eh=0.6817 R2_0=-0.7914 crash_ratio=166.707 narr_decl=0.7548 narr_rec=2.3336 ok=False cert_score=1.06550
[good snapshot] -> optimization_logs/checkpoints/good_mega0006_r2_0.6817_loss_0.0872_1775223473/
[pivot] mega=6 expanded/jittered working_bounds

======== Mega iteration 7/25 (no early stop — always improving) ========

Pass 1: Latin Hypercube 150 samples
Pass 1 done in 14.32s. Best loss so far: 0.087234
Pass 2: Differential Evolution
differential_evolution step 1: f(x)= 87.45058592901523
differential_evolution step 2: f(x)= 0.4630128901505226
differential_evolution step 3: f(x)= 0.4630128901505226
differential_evolution step 4: f(x)= 0.4630128901505226
differential_evolution step 5: f(x)= 0.4630128901505226
differential_evolution step 6: f(x)= 0.4630128901505226
differential_evolution step 7: f(x)= 0.4630128901505226
differential_evolution step 8: f(x)= 0.4630128901505226
differential_evolution step 9: f(x)= 0.4630128901505226
differential_evolution step 10: f(x)= 0.2632729665578045
differential_evolution step 11: f(x)= 0.2632729665578045
differential_evolution step 12: f(x)= 0.2632729665578045
differential_evolution step 13: f(x)= 0.2632729665578045
differential_evolution step 14: f(x)= 0.2632729665578045
differential_evolution step 15: f(x)= 0.2632729665578045
differential_evolution step 16: f(x)= 0.2632729665578045
differential_evolution step 17: f(x)= 0.2632729665578045
differential_evolution step 18: f(x)= 0.2632729665578045
differential_evolution step 19: f(x)= 0.2632729665578045
differential_evolution step 20: f(x)= 0.2632729665578045
differential_evolution step 21: f(x)= 0.2632729665578045
differential_evolution step 22: f(x)= 0.2632729665578045
differential_evolution step 23: f(x)= 0.2632729665578045
differential_evolution step 24: f(x)= 0.2632729665578045
differential_evolution step 25: f(x)= 0.2554828138742979
differential_evolution step 26: f(x)= 0.2554828138742979
differential_evolution step 27: f(x)= 0.2554828138742979
differential_evolution step 1: f(x)= 27714.710374125218
differential_evolution step 2: f(x)= 27714.710374125218
differential_evolution step 3: f(x)= 27714.710374125218
differential_evolution step 4: f(x)= 27714.710374125218
differential_evolution step 5: f(x)= 27714.710374125218
differential_evolution step 6: f(x)= 221.00996330906997
differential_evolution step 7: f(x)= 101.39006053745597
differential_evolution step 8: f(x)= 101.39006053745597
differential_evolution step 9: f(x)= 101.39006053745597
differential_evolution step 10: f(x)= 101.39006053745597
differential_evolution step 11: f(x)= 101.39006053745597
differential_evolution step 12: f(x)= 101.39006053745597
differential_evolution step 13: f(x)= 101.39006053745597
differential_evolution step 14: f(x)= 101.39006053745597
differential_evolution step 15: f(x)= 101.39006053745597
differential_evolution step 16: f(x)= 101.39006053745597
differential_evolution step 17: f(x)= 101.39006053745597
differential_evolution step 18: f(x)= 101.39006053745597
differential_evolution step 19: f(x)= 101.39006053745597
differential_evolution step 20: f(x)= 101.39006053745597
differential_evolution step 21: f(x)= 101.39006053745597
differential_evolution step 22: f(x)= 101.39006053745597
differential_evolution step 23: f(x)= 101.39006053745597
differential_evolution step 24: f(x)= 101.39006053745597
differential_evolution step 25: f(x)= 101.39006053745597
differential_evolution step 26: f(x)= 101.39006053745597
differential_evolution step 27: f(x)= 12.482894938056862
differential_evolution step 28: f(x)= 1.0652938089068347
differential_evolution step 29: f(x)= 1.0652938089068347
differential_evolution step 30: f(x)= 1.0652938089068347
differential_evolution step 31: f(x)= 1.0652938089068347
differential_evolution step 32: f(x)= 1.0652938089068347
differential_evolution step 33: f(x)= 0.16662818329057216
differential_evolution step 1: f(x)= 27060.76703961743
differential_evolution step 2: f(x)= 27060.76703961743
differential_evolution step 3: f(x)= 251.34804934412418
differential_evolution step 4: f(x)= 251.34804934412418
differential_evolution step 5: f(x)= 251.34804934412418
differential_evolution step 6: f(x)= 251.34804934412418
differential_evolution step 7: f(x)= 232.88607315629844
differential_evolution step 8: f(x)= 232.88607315629844
differential_evolution step 9: f(x)= 232.88607315629844
differential_evolution step 10: f(x)= 232.88607315629844
differential_evolution step 11: f(x)= 90.99851288156994
differential_evolution step 12: f(x)= 90.99851288156994
differential_evolution step 13: f(x)= 90.99851288156994
differential_evolution step 14: f(x)= 82.99815935867157
differential_evolution step 15: f(x)= 82.99815935867157
differential_evolution step 16: f(x)= 82.99815935867157
differential_evolution step 17: f(x)= 82.99815935867157
differential_evolution step 18: f(x)= 82.99815935867157
differential_evolution step 19: f(x)= 82.99815935867157
differential_evolution step 20: f(x)= 82.99815935867157
differential_evolution step 21: f(x)= 82.99815935867157
differential_evolution step 22: f(x)= 82.99815935867157
differential_evolution step 23: f(x)= 11.405635114903934
differential_evolution step 24: f(x)= 11.405635114903934
differential_evolution step 25: f(x)= 11.405635114903934
differential_evolution step 26: f(x)= 11.405635114903934
differential_evolution step 27: f(x)= 11.405635114903934
differential_evolution step 28: f(x)= 11.405635114903934
differential_evolution step 29: f(x)= 11.405635114903934
differential_evolution step 30: f(x)= 11.405635114903934
differential_evolution step 31: f(x)= 0.6806924029054877
differential_evolution step 32: f(x)= 0.6806924029054877
differential_evolution step 33: f(x)= 0.6806924029054877
differential_evolution step 34: f(x)= 0.6806924029054877
differential_evolution step 35: f(x)= 0.6806924029054877
differential_evolution step 36: f(x)= 0.6806924029054877
differential_evolution step 37: f(x)= 0.6806924029054877
differential_evolution step 38: f(x)= 0.6806924029054877
differential_evolution step 39: f(x)= 0.6806924029054877
differential_evolution step 40: f(x)= 0.6806924029054877
differential_evolution step 41: f(x)= 0.6806924029054877
differential_evolution step 42: f(x)= 0.6806924029054877
differential_evolution step 43: f(x)= 0.6806924029054877
differential_evolution step 44: f(x)= 0.6806924029054877
differential_evolution step 45: f(x)= 0.6806924029054877
differential_evolution step 46: f(x)= 0.6806924029054877
differential_evolution step 47: f(x)= 0.2709238171330926
differential_evolution step 48: f(x)= 0.2709238171330926
differential_evolution step 49: f(x)= 0.2709238171330926
differential_evolution step 50: f(x)= 0.2177283211935923
differential_evolution step 51: f(x)= 0.2177283211935923
differential_evolution step 52: f(x)= 0.2177283211935923
Pass 2 done in 270.40s. DE reports fun=0.166628
Global best check: loss=0.087234 g_std=0.06148 R2_eh=0.6817 R2_0=-0.7914 crash_ratio=166.707 narr_decl=0.7548 narr_rec=2.3336 ok=False cert_score=1.06550
[good snapshot] -> optimization_logs/checkpoints/good_mega0007_r2_0.6817_loss_0.0872_1775223758/
[pivot] mega=7 expanded/jittered working_bounds

======== Mega iteration 8/25 (no early stop — always improving) ========

Pass 1: Latin Hypercube 150 samples
Pass 1 done in 9.30s. Best loss so far: 0.087234
Pass 2: Differential Evolution
differential_evolution step 1: f(x)= 1767.4858360345108
differential_evolution step 2: f(x)= 184.56557875457477
differential_evolution step 3: f(x)= 2.358651475147444
differential_evolution step 4: f(x)= 2.358651475147444
differential_evolution step 5: f(x)= 1.3562155282794266
differential_evolution step 6: f(x)= 1.3562155282794266
differential_evolution step 7: f(x)= 1.3562155282794266
differential_evolution step 8: f(x)= 1.3562155282794266
differential_evolution step 9: f(x)= 1.3562155282794266
differential_evolution step 10: f(x)= 1.3562155282794266
differential_evolution step 11: f(x)= 0.8489262128815894
differential_evolution step 12: f(x)= 0.8489262128815894
differential_evolution step 13: f(x)= 0.5643925350601595
differential_evolution step 14: f(x)= 0.5643925350601595
differential_evolution step 15: f(x)= 0.5643925350601595
differential_evolution step 16: f(x)= 0.5643925350601595
differential_evolution step 17: f(x)= 0.4611765567994486
differential_evolution step 18: f(x)= 0.4611765567994486
differential_evolution step 19: f(x)= 0.4611765567994486
differential_evolution step 20: f(x)= 0.4611765567994486
differential_evolution step 21: f(x)= 0.4611765567994486
differential_evolution step 22: f(x)= 0.09863421023070906
differential_evolution step 23: f(x)= 0.09863421023070906
differential_evolution step 24: f(x)= 0.09863421023070906
differential_evolution step 25: f(x)= 0.09863421023070906
differential_evolution step 26: f(x)= 0.09863421023070906
differential_evolution step 27: f(x)= 0.09863421023070906
differential_evolution step 1: f(x)= 7146.830710901296
differential_evolution step 2: f(x)= 7146.830710901296
differential_evolution step 3: f(x)= 7146.830710901296
differential_evolution step 4: f(x)= 7146.830710901296
differential_evolution step 5: f(x)= 7146.830710901296
differential_evolution step 6: f(x)= 193.30278626355604
differential_evolution step 7: f(x)= 193.30278626355604
differential_evolution step 8: f(x)= 193.30278626355604
differential_evolution step 9: f(x)= 106.02398008894733
differential_evolution step 10: f(x)= 106.02398008894733
differential_evolution step 11: f(x)= 106.02398008894733
differential_evolution step 12: f(x)= 106.02398008894733
differential_evolution step 13: f(x)= 106.02398008894733
differential_evolution step 14: f(x)= 5.738784985876139
differential_evolution step 15: f(x)= 5.738784985876139
differential_evolution step 16: f(x)= 5.738784985876139
differential_evolution step 17: f(x)= 5.738784985876139
differential_evolution step 18: f(x)= 5.738784985876139
differential_evolution step 19: f(x)= 5.738784985876139
differential_evolution step 20: f(x)= 0.6092904826717791
differential_evolution step 21: f(x)= 0.6092904826717791
differential_evolution step 22: f(x)= 0.38288101126319246
differential_evolution step 23: f(x)= 0.38288101126319246
differential_evolution step 24: f(x)= 0.38288101126319246
differential_evolution step 25: f(x)= 0.38288101126319246
differential_evolution step 26: f(x)= 0.38288101126319246
differential_evolution step 27: f(x)= 0.38288101126319246
differential_evolution step 28: f(x)= 0.38288101126319246
differential_evolution step 29: f(x)= 0.38288101126319246
differential_evolution step 30: f(x)= 0.38288101126319246
differential_evolution step 31: f(x)= 0.38288101126319246
differential_evolution step 32: f(x)= 0.38288101126319246
differential_evolution step 33: f(x)= 0.3029502729236905
differential_evolution step 1: f(x)= 30462.410231884332
differential_evolution step 2: f(x)= 30462.410231884332
differential_evolution step 3: f(x)= 224.0525291976096
differential_evolution step 4: f(x)= 224.0525291976096
differential_evolution step 5: f(x)= 224.0525291976096
differential_evolution step 6: f(x)= 224.0525291976096
differential_evolution step 7: f(x)= 219.8303476279313
differential_evolution step 8: f(x)= 219.8303476279313
differential_evolution step 9: f(x)= 219.8303476279313
differential_evolution step 10: f(x)= 219.8303476279313
differential_evolution step 11: f(x)= 219.8303476279313
differential_evolution step 12: f(x)= 160.8658510500937
differential_evolution step 13: f(x)= 105.49364546156414
differential_evolution step 14: f(x)= 105.49364546156414
differential_evolution step 15: f(x)= 105.49364546156414
differential_evolution step 16: f(x)= 105.49364546156414
differential_evolution step 17: f(x)= 105.49364546156414
differential_evolution step 18: f(x)= 105.49364546156414
differential_evolution step 19: f(x)= 105.49364546156414
differential_evolution step 20: f(x)= 105.49364546156414
differential_evolution step 21: f(x)= 105.49364546156414
differential_evolution step 22: f(x)= 105.49364546156414
differential_evolution step 23: f(x)= 1.3426169031706139
differential_evolution step 24: f(x)= 1.3426169031706139
differential_evolution step 25: f(x)= 1.3426169031706139
differential_evolution step 26: f(x)= 1.3426169031706139
differential_evolution step 27: f(x)= 1.3426169031706139
differential_evolution step 28: f(x)= 1.3426169031706139
differential_evolution step 29: f(x)= 1.3426169031706139
differential_evolution step 30: f(x)= 1.3426169031706139
differential_evolution step 31: f(x)= 1.3426169031706139
differential_evolution step 32: f(x)= 1.3426169031706139
differential_evolution step 33: f(x)= 1.3426169031706139
differential_evolution step 34: f(x)= 1.3426169031706139
differential_evolution step 35: f(x)= 1.3426169031706139
differential_evolution step 36: f(x)= 1.3426169031706139
differential_evolution step 37: f(x)= 1.3426169031706139
differential_evolution step 38: f(x)= 1.3426169031706139
differential_evolution step 39: f(x)= 1.3426169031706139
differential_evolution step 40: f(x)= 1.3426169031706139
differential_evolution step 41: f(x)= 1.3426169031706139
differential_evolution step 42: f(x)= 1.3426169031706139
differential_evolution step 43: f(x)= 1.3426169031706139
differential_evolution step 44: f(x)= 1.3426169031706139
differential_evolution step 45: f(x)= 1.3426169031706139
differential_evolution step 46: f(x)= 1.3426169031706139
differential_evolution step 47: f(x)= 1.3426169031706139
differential_evolution step 48: f(x)= 1.3426169031706139
differential_evolution step 49: f(x)= 1.3426169031706139
differential_evolution step 50: f(x)= 1.3426169031706139
differential_evolution step 51: f(x)= 1.3426169031706139
differential_evolution step 52: f(x)= 1.3426169031706139
Pass 2 done in 345.64s. DE reports fun=0.098634
Global best check: loss=0.087234 g_std=0.06148 R2_eh=0.6817 R2_0=-0.7914 crash_ratio=166.707 narr_decl=0.7548 narr_rec=2.3336 ok=False cert_score=1.06550
[good snapshot] -> optimization_logs/checkpoints/good_mega0008_r2_0.6817_loss_0.0872_1775224114/
[pivot] mega=8 expanded/jittered working_bounds

======== Mega iteration 9/25 (no early stop — always improving) ========

Pass 1: Latin Hypercube 150 samples
Pass 1 done in 14.45s. Best loss so far: 0.087234
Pass 2: Differential Evolution
differential_evolution step 1: f(x)= 117.98159525135569
differential_evolution step 2: f(x)= 117.98159525135569
differential_evolution step 3: f(x)= 117.98159525135569
differential_evolution step 4: f(x)= 117.98159525135569
differential_evolution step 5: f(x)= 117.98159525135569
differential_evolution step 6: f(x)= 109.83338598551713
differential_evolution step 7: f(x)= 109.83338598551713
differential_evolution step 8: f(x)= 41.41383730005283
differential_evolution step 9: f(x)= 41.41383730005283
differential_evolution step 10: f(x)= 41.41383730005283
differential_evolution step 11: f(x)= 41.41383730005283
differential_evolution step 12: f(x)= 41.41383730005283
differential_evolution step 13: f(x)= 22.117065804317342
differential_evolution step 14: f(x)= 4.892526320790601
differential_evolution step 15: f(x)= 0.39365854461638394
differential_evolution step 16: f(x)= 0.39365854461638394
differential_evolution step 17: f(x)= 0.39365854461638394
differential_evolution step 18: f(x)= 0.39365854461638394
differential_evolution step 19: f(x)= 0.39365854461638394
differential_evolution step 20: f(x)= 0.39365854461638394
differential_evolution step 21: f(x)= 0.39365854461638394
differential_evolution step 22: f(x)= 0.39365854461638394
differential_evolution step 23: f(x)= 0.39365854461638394
differential_evolution step 24: f(x)= 0.39365854461638394
differential_evolution step 25: f(x)= 0.32946446922456474
differential_evolution step 26: f(x)= 0.32946446922456474
differential_evolution step 27: f(x)= 0.32946446922456474
differential_evolution step 1: f(x)= 33995.584674800855
differential_evolution step 2: f(x)= 7609.843068175642
differential_evolution step 3: f(x)= 119.48054449255486
differential_evolution step 4: f(x)= 93.76793181939429
differential_evolution step 5: f(x)= 93.76793181939429
differential_evolution step 6: f(x)= 93.76793181939429
differential_evolution step 7: f(x)= 93.76793181939429
differential_evolution step 8: f(x)= 93.76793181939429
differential_evolution step 9: f(x)= 93.76793181939429
differential_evolution step 10: f(x)= 93.76793181939429
differential_evolution step 11: f(x)= 93.76793181939429
differential_evolution step 12: f(x)= 93.76793181939429
differential_evolution step 13: f(x)= 93.40932029369286
differential_evolution step 14: f(x)= 93.40932029369286
differential_evolution step 15: f(x)= 93.40932029369286
differential_evolution step 16: f(x)= 93.40932029369286
differential_evolution step 17: f(x)= 68.95088211553654
differential_evolution step 18: f(x)= 68.95088211553654
differential_evolution step 19: f(x)= 65.67880125222378
differential_evolution step 20: f(x)= 65.67880125222378
differential_evolution step 21: f(x)= 9.343213237542175
differential_evolution step 22: f(x)= 9.343213237542175
differential_evolution step 23: f(x)= 0.808561718516642
differential_evolution step 24: f(x)= 0.808561718516642
differential_evolution step 25: f(x)= 0.808561718516642
differential_evolution step 26: f(x)= 0.808561718516642
differential_evolution step 27: f(x)= 0.808561718516642
differential_evolution step 28: f(x)= 0.808561718516642
differential_evolution step 29: f(x)= 0.808561718516642
differential_evolution step 30: f(x)= 0.808561718516642
differential_evolution step 31: f(x)= 0.808561718516642
differential_evolution step 32: f(x)= 0.808561718516642
differential_evolution step 33: f(x)= 0.808561718516642
differential_evolution step 1: f(x)= 29193.756984730702
differential_evolution step 2: f(x)= 22.252448084476526
differential_evolution step 3: f(x)= 22.252448084476526
differential_evolution step 4: f(x)= 22.252448084476526
differential_evolution step 5: f(x)= 22.252448084476526
differential_evolution step 6: f(x)= 1.1134795270166142
differential_evolution step 7: f(x)= 1.1134795270166142
differential_evolution step 8: f(x)= 1.1134795270166142
differential_evolution step 9: f(x)= 1.1134795270166142
differential_evolution step 10: f(x)= 1.1134795270166142
differential_evolution step 11: f(x)= 1.1134795270166142
differential_evolution step 12: f(x)= 1.1134795270166142
differential_evolution step 13: f(x)= 1.1134795270166142
differential_evolution step 14: f(x)= 1.1134795270166142
differential_evolution step 15: f(x)= 0.4586084282587219
differential_evolution step 16: f(x)= 0.4586084282587219
differential_evolution step 17: f(x)= 0.4586084282587219
differential_evolution step 18: f(x)= 0.4586084282587219
differential_evolution step 19: f(x)= 0.4586084282587219
differential_evolution step 20: f(x)= 0.4586084282587219
differential_evolution step 21: f(x)= 0.4586084282587219
differential_evolution step 22: f(x)= 0.4586084282587219
differential_evolution step 23: f(x)= 0.4586084282587219
differential_evolution step 24: f(x)= 0.4586084282587219
differential_evolution step 25: f(x)= 0.4586084282587219
differential_evolution step 26: f(x)= 0.4586084282587219
differential_evolution step 27: f(x)= 0.4586084282587219
differential_evolution step 28: f(x)= 0.4586084282587219
differential_evolution step 29: f(x)= 0.4586084282587219
differential_evolution step 30: f(x)= 0.4586084282587219
differential_evolution step 31: f(x)= 0.27210162503723817
differential_evolution step 32: f(x)= 0.27210162503723817
differential_evolution step 33: f(x)= 0.27210162503723817
differential_evolution step 34: f(x)= 0.27210162503723817
differential_evolution step 35: f(x)= 0.27210162503723817
differential_evolution step 36: f(x)= 0.27210162503723817
differential_evolution step 37: f(x)= 0.27210162503723817
differential_evolution step 38: f(x)= 0.27210162503723817
differential_evolution step 39: f(x)= 0.22954522721696927
differential_evolution step 40: f(x)= 0.22954522721696927
differential_evolution step 41: f(x)= 0.1423753983837075
differential_evolution step 42: f(x)= 0.1423753983837075
differential_evolution step 43: f(x)= 0.13914586197040602
differential_evolution step 44: f(x)= 0.13805380996155647
differential_evolution step 45: f(x)= 0.13805380996155647
differential_evolution step 46: f(x)= 0.13805380996155647
differential_evolution step 47: f(x)= 0.13805380996155647
differential_evolution step 48: f(x)= 0.13805380996155647
differential_evolution step 49: f(x)= 0.13805380996155647
differential_evolution step 50: f(x)= 0.13805380996155647
differential_evolution step 51: f(x)= 0.13805380996155647
differential_evolution step 52: f(x)= 0.13805380996155647
Pass 2 done in 379.70s. DE reports fun=0.138054
Global best check: loss=0.087234 g_std=0.06148 R2_eh=0.6817 R2_0=-0.7914 crash_ratio=166.707 narr_decl=0.7548 narr_rec=2.3336 ok=False cert_score=1.06550
[good snapshot] -> optimization_logs/checkpoints/good_mega0009_r2_0.6817_loss_0.0872_1775224508/
[pivot] mega=9 expanded/jittered working_bounds

======== Mega iteration 10/25 (no early stop — always improving) ========

Pass 1: Latin Hypercube 150 samples
Pass 1 done in 6.91s. Best loss so far: 0.087234
Pass 2: Differential Evolution
differential_evolution step 1: f(x)= 2322.4371885952582
differential_evolution step 2: f(x)= 2322.4371885952582
differential_evolution step 3: f(x)= 1715.6149327948594
differential_evolution step 4: f(x)= 60.91881657716073
differential_evolution step 5: f(x)= 10.7108159614303
differential_evolution step 6: f(x)= 10.7108159614303
differential_evolution step 7: f(x)= 10.7108159614303
differential_evolution step 8: f(x)= 10.7108159614303
differential_evolution step 9: f(x)= 10.7108159614303
differential_evolution step 10: f(x)= 10.7108159614303
differential_evolution step 11: f(x)= 10.7108159614303
differential_evolution step 12: f(x)= 10.7108159614303
differential_evolution step 13: f(x)= 10.7108159614303
differential_evolution step 14: f(x)= 10.7108159614303
differential_evolution step 15: f(x)= 6.98606362984664
differential_evolution step 16: f(x)= 6.98606362984664
differential_evolution step 17: f(x)= 6.98606362984664
differential_evolution step 18: f(x)= 4.649372161514155
differential_evolution step 19: f(x)= 4.649372161514155
differential_evolution step 20: f(x)= 4.649372161514155
differential_evolution step 21: f(x)= 2.309973239075721
differential_evolution step 22: f(x)= 2.309973239075721
differential_evolution step 23: f(x)= 2.309973239075721
differential_evolution step 24: f(x)= 1.1174736881504992
differential_evolution step 25: f(x)= 1.1174736881504992
New Best: 0.081610 (mse_hist_eh=0.07510 gap=0.32937 pen=0.000)
  checkpoint -> optimization_logs/checkpoints/best_0011_1775224646/
differential_evolution step 26: f(x)= 0.08161030665344496
differential_evolution step 27: f(x)= 0.08161030665344496
differential_evolution step 1: f(x)= 29079.08629513997
differential_evolution step 2: f(x)= 29079.08629513997
differential_evolution step 3: f(x)= 29079.08629513997
differential_evolution step 4: f(x)= 235.07467282253978
differential_evolution step 5: f(x)= 235.07467282253978
differential_evolution step 6: f(x)= 235.07467282253978
differential_evolution step 7: f(x)= 232.74031227351745
differential_evolution step 8: f(x)= 171.77310930121638
differential_evolution step 9: f(x)= 171.77310930121638
differential_evolution step 10: f(x)= 171.77310930121638
differential_evolution step 11: f(x)= 171.77310930121638
differential_evolution step 12: f(x)= 171.77310930121638
differential_evolution step 13: f(x)= 171.77310930121638
differential_evolution step 14: f(x)= 99.84160926867182
differential_evolution step 15: f(x)= 99.84160926867182
differential_evolution step 16: f(x)= 99.84160926867182
differential_evolution step 17: f(x)= 99.84160926867182
differential_evolution step 18: f(x)= 99.84160926867182
differential_evolution step 19: f(x)= 1.1941000653360594
differential_evolution step 20: f(x)= 1.1941000653360594
differential_evolution step 21: f(x)= 1.1941000653360594
differential_evolution step 22: f(x)= 1.1941000653360594
differential_evolution step 23: f(x)= 1.1941000653360594
differential_evolution step 24: f(x)= 1.1941000653360594
differential_evolution step 25: f(x)= 1.1941000653360594
differential_evolution step 26: f(x)= 1.1941000653360594
differential_evolution step 27: f(x)= 1.1941000653360594
differential_evolution step 28: f(x)= 1.1941000653360594
differential_evolution step 29: f(x)= 1.1941000653360594
differential_evolution step 30: f(x)= 1.1941000653360594
differential_evolution step 31: f(x)= 1.1941000653360594
differential_evolution step 32: f(x)= 1.1941000653360594
differential_evolution step 33: f(x)= 1.1941000653360594
differential_evolution step 1: f(x)= 6472.249593756265
differential_evolution step 2: f(x)= 6472.249593756265
differential_evolution step 3: f(x)= 113.0531789503807
differential_evolution step 4: f(x)= 102.29554436806816
differential_evolution step 5: f(x)= 102.29554436806816
differential_evolution step 6: f(x)= 102.29554436806816
differential_evolution step 7: f(x)= 102.29554436806816
differential_evolution step 8: f(x)= 102.29554436806816
differential_evolution step 9: f(x)= 102.29554436806816
differential_evolution step 10: f(x)= 102.29554436806816
differential_evolution step 11: f(x)= 102.29554436806816
differential_evolution step 12: f(x)= 102.29554436806816
differential_evolution step 13: f(x)= 102.29554436806816
differential_evolution step 14: f(x)= 62.942647229757526
differential_evolution step 15: f(x)= 62.942647229757526
differential_evolution step 16: f(x)= 62.942647229757526
differential_evolution step 17: f(x)= 62.942647229757526
differential_evolution step 18: f(x)= 62.942647229757526
differential_evolution step 19: f(x)= 62.942647229757526
differential_evolution step 20: f(x)= 62.942647229757526
differential_evolution step 21: f(x)= 62.942647229757526
differential_evolution step 22: f(x)= 62.942647229757526
differential_evolution step 23: f(x)= 62.942647229757526
differential_evolution step 24: f(x)= 0.15226503347795717
differential_evolution step 25: f(x)= 0.15226503347795717
differential_evolution step 26: f(x)= 0.15226503347795717
differential_evolution step 27: f(x)= 0.15226503347795717
differential_evolution step 28: f(x)= 0.15226503347795717
differential_evolution step 29: f(x)= 0.15226503347795717
differential_evolution step 30: f(x)= 0.15226503347795717
differential_evolution step 31: f(x)= 0.15226503347795717
differential_evolution step 32: f(x)= 0.15226503347795717
differential_evolution step 33: f(x)= 0.15226503347795717
differential_evolution step 34: f(x)= 0.15226503347795717
differential_evolution step 35: f(x)= 0.15226503347795717
differential_evolution step 36: f(x)= 0.15226503347795717
differential_evolution step 37: f(x)= 0.15226503347795717
differential_evolution step 38: f(x)= 0.15226503347795717
differential_evolution step 39: f(x)= 0.15226503347795717
differential_evolution step 40: f(x)= 0.15226503347795717
differential_evolution step 41: f(x)= 0.15226503347795717
differential_evolution step 42: f(x)= 0.15226503347795717
differential_evolution step 43: f(x)= 0.15226503347795717
differential_evolution step 44: f(x)= 0.15226503347795717
differential_evolution step 45: f(x)= 0.15226503347795717
differential_evolution step 46: f(x)= 0.15226503347795717
differential_evolution step 47: f(x)= 0.15226503347795717
differential_evolution step 48: f(x)= 0.15226503347795717
differential_evolution step 49: f(x)= 0.15226503347795717
differential_evolution step 50: f(x)= 0.15226503347795717
differential_evolution step 51: f(x)= 0.15226503347795717
differential_evolution step 52: f(x)= 0.15226503347795717
Pass 2 done in 379.65s. DE reports fun=0.081610
Global best check: loss=0.081610 g_std=0.03918 R2_eh=0.7136 R2_0=-0.5426 crash_ratio=129.644 narr_decl=0.7096 narr_rec=1.3488 ok=False cert_score=1.09815
[good snapshot] -> optimization_logs/checkpoints/good_mega0010_r2_0.7136_loss_0.0816_1775224895/
[pivot] mega=10 expanded/jittered working_bounds

======== Mega iteration 11/25 (no early stop — always improving) ========

Pass 1: Latin Hypercube 150 samples
Pass 1 done in 12.08s. Best loss so far: 0.081610
Pass 2: Differential Evolution
differential_evolution step 1: f(x)= 9060.387400300935
differential_evolution step 2: f(x)= 103.13681983422275
differential_evolution step 3: f(x)= 103.13681983422275
differential_evolution step 4: f(x)= 103.13681983422275
differential_evolution step 5: f(x)= 103.13681983422275
differential_evolution step 6: f(x)= 0.36566772297370403
differential_evolution step 7: f(x)= 0.36566772297370403
differential_evolution step 8: f(x)= 0.36566772297370403
differential_evolution step 9: f(x)= 0.36566772297370403
differential_evolution step 10: f(x)= 0.36566772297370403
differential_evolution step 11: f(x)= 0.36566772297370403
differential_evolution step 12: f(x)= 0.36566772297370403
differential_evolution step 13: f(x)= 0.36566772297370403
differential_evolution step 14: f(x)= 0.36566772297370403
differential_evolution step 15: f(x)= 0.36566772297370403
differential_evolution step 16: f(x)= 0.36566772297370403
differential_evolution step 17: f(x)= 0.36566772297370403
differential_evolution step 18: f(x)= 0.36566772297370403
differential_evolution step 19: f(x)= 0.36566772297370403
differential_evolution step 20: f(x)= 0.36566772297370403
differential_evolution step 21: f(x)= 0.36566772297370403
differential_evolution step 22: f(x)= 0.36566772297370403
differential_evolution step 23: f(x)= 0.36566772297370403
differential_evolution step 24: f(x)= 0.36566772297370403
differential_evolution step 25: f(x)= 0.36566772297370403
differential_evolution step 26: f(x)= 0.36566772297370403
differential_evolution step 27: f(x)= 0.36566772297370403
differential_evolution step 1: f(x)= 252.1607631261668
differential_evolution step 2: f(x)= 238.29604730624033
differential_evolution step 3: f(x)= 125.06250807515204
differential_evolution step 4: f(x)= 125.06250807515204
differential_evolution step 5: f(x)= 125.06250807515204
differential_evolution step 6: f(x)= 125.06250807515204
differential_evolution step 7: f(x)= 125.06250807515204
differential_evolution step 8: f(x)= 70.29248423578669
differential_evolution step 9: f(x)= 70.29248423578669
differential_evolution step 10: f(x)= 70.29248423578669
differential_evolution step 11: f(x)= 70.29248423578669
differential_evolution step 12: f(x)= 70.29248423578669
differential_evolution step 13: f(x)= 70.29248423578669
differential_evolution step 14: f(x)= 70.29248423578669
differential_evolution step 15: f(x)= 40.807314421967945
differential_evolution step 16: f(x)= 40.807314421967945
differential_evolution step 17: f(x)= 40.807314421967945
differential_evolution step 18: f(x)= 11.393418899028045
differential_evolution step 19: f(x)= 1.0523899711556304
differential_evolution step 20: f(x)= 1.0523899711556304
differential_evolution step 21: f(x)= 1.0523899711556304
differential_evolution step 22: f(x)= 1.0523899711556304
differential_evolution step 23: f(x)= 1.0523899711556304
differential_evolution step 24: f(x)= 1.0523899711556304
