
======== Mega iteration 1/3 (no early stop — always improving) ========

Pass 1: Latin Hypercube 150 samples
New Best: 0.965406 (mse_hist_eh=0.81830 gap=0.49764 pen=0.308)
  checkpoint -> optimization_logs/checkpoints/best_0001_1775214074/
New Best: 0.512960 (mse_hist_eh=0.46961 gap=1.64337 pen=0.000)
  checkpoint -> optimization_logs/checkpoints/best_0002_1775214075/
New Best: 0.204415 (mse_hist_eh=0.23354 gap=0.50252 pen=0.000)
  checkpoint -> optimization_logs/checkpoints/best_0003_1775214075/
New Best: 0.198231 (mse_hist_eh=0.22693 gap=0.16430 pen=0.000)
  checkpoint -> optimization_logs/checkpoints/best_0004_1775214076/
Pass 1 done in 3.36s. Best loss so far: 0.198231
Pass 2: Differential Evolution
New Best: 0.182003 (mse_hist_eh=0.22067 gap=0.25379 pen=0.000)
  checkpoint -> optimization_logs/checkpoints/best_0005_1775214080/
differential_evolution step 1: f(x)= 0.18200268106209522
New Best: 0.164059 (mse_hist_eh=0.18484 gap=0.15459 pen=0.000)
  checkpoint -> optimization_logs/checkpoints/best_0006_1775214083/
differential_evolution step 2: f(x)= 0.1640593045899373
New Best: 0.122130 (mse_hist_eh=0.13364 gap=0.13170 pen=0.000)
  checkpoint -> optimization_logs/checkpoints/best_0007_1775214085/
differential_evolution step 3: f(x)= 0.12212990286514941
differential_evolution step 4: f(x)= 0.12212990286514941
differential_evolution step 5: f(x)= 0.12212990286514941
differential_evolution step 6: f(x)= 0.12212990286514941
differential_evolution step 7: f(x)= 0.12212990286514941
New Best: 0.108637 (mse_hist_eh=0.10322 gap=0.09367 pen=0.000)
  checkpoint -> optimization_logs/checkpoints/best_0008_1775214093/
differential_evolution step 8: f(x)= 0.10863731444990557
differential_evolution step 9: f(x)= 0.10863731444990557
differential_evolution step 10: f(x)= 0.10863731444990557
differential_evolution step 11: f(x)= 0.10863731444990557
differential_evolution step 12: f(x)= 0.10863731444990557
differential_evolution step 13: f(x)= 0.10863731444990557
differential_evolution step 14: f(x)= 0.10863731444990557
differential_evolution step 15: f(x)= 0.10863731444990557
differential_evolution step 16: f(x)= 0.10863731444990557
New Best: 0.094073 (mse_hist_eh=0.08887 gap=0.11867 pen=0.000)
  checkpoint -> optimization_logs/checkpoints/best_0009_1775214109/
differential_evolution step 17: f(x)= 0.09407279859932653
differential_evolution step 18: f(x)= 0.09407279859932653
differential_evolution step 19: f(x)= 0.09407279859932653
differential_evolution step 20: f(x)= 0.09407279859932653
differential_evolution step 21: f(x)= 0.09407279859932653
differential_evolution step 22: f(x)= 0.09407279859932653
differential_evolution step 23: f(x)= 0.09407279859932653
differential_evolution step 1: f(x)= 0.20802828583514238
differential_evolution step 2: f(x)= 0.12431263819830757
differential_evolution step 3: f(x)= 0.12431263819830757
differential_evolution step 4: f(x)= 0.12431263819830757
differential_evolution step 5: f(x)= 0.12431263819830757
differential_evolution step 6: f(x)= 0.11547517851759702
differential_evolution step 7: f(x)= 0.11547517851759702
differential_evolution step 8: f(x)= 0.11547517851759702
differential_evolution step 9: f(x)= 0.11547517851759702
differential_evolution step 10: f(x)= 0.11547517851759702
differential_evolution step 11: f(x)= 0.11547517851759702
differential_evolution step 12: f(x)= 0.11547517851759702
differential_evolution step 13: f(x)= 0.11547517851759702
differential_evolution step 14: f(x)= 0.11547517851759702
differential_evolution step 15: f(x)= 0.11547517851759702
differential_evolution step 16: f(x)= 0.11547517851759702
differential_evolution step 17: f(x)= 0.10985657902392128
differential_evolution step 18: f(x)= 0.10985657902392128
differential_evolution step 19: f(x)= 0.1091931332910978
differential_evolution step 20: f(x)= 0.1091931332910978
differential_evolution step 21: f(x)= 0.10681963506201805
differential_evolution step 22: f(x)= 0.10681963506201805
differential_evolution step 23: f(x)= 0.10156083069842699
differential_evolution step 24: f(x)= 0.09502845451309894
differential_evolution step 25: f(x)= 0.09502845451309894
differential_evolution step 26: f(x)= 0.09502845451309894
differential_evolution step 27: f(x)= 0.09502845451309894
differential_evolution step 1: f(x)= 0.16145390581690758
differential_evolution step 2: f(x)= 0.16145390581690758
differential_evolution step 3: f(x)= 0.16145390581690758
differential_evolution step 4: f(x)= 0.16145390581690758
differential_evolution step 5: f(x)= 0.16145390581690758
differential_evolution step 6: f(x)= 0.16145390581690758
differential_evolution step 7: f(x)= 0.1367065333395505
differential_evolution step 8: f(x)= 0.1367065333395505
differential_evolution step 9: f(x)= 0.1367065333395505
differential_evolution step 10: f(x)= 0.1367065333395505
differential_evolution step 11: f(x)= 0.1367065333395505
differential_evolution step 12: f(x)= 0.1367065333395505
differential_evolution step 13: f(x)= 0.1367065333395505
differential_evolution step 14: f(x)= 0.1367065333395505
differential_evolution step 15: f(x)= 0.1367065333395505
differential_evolution step 16: f(x)= 0.1367065333395505
differential_evolution step 17: f(x)= 0.1367065333395505
differential_evolution step 18: f(x)= 0.1367065333395505
differential_evolution step 19: f(x)= 0.1367065333395505
differential_evolution step 20: f(x)= 0.1367065333395505
differential_evolution step 21: f(x)= 0.1367065333395505
differential_evolution step 22: f(x)= 0.1367065333395505
differential_evolution step 23: f(x)= 0.12373140603322788
differential_evolution step 24: f(x)= 0.12373140603322788
differential_evolution step 25: f(x)= 0.12373140603322788
differential_evolution step 26: f(x)= 0.11852379669152355
differential_evolution step 27: f(x)= 0.10677228601357494
differential_evolution step 28: f(x)= 0.10677228601357494
differential_evolution step 29: f(x)= 0.10677228601357494
differential_evolution step 30: f(x)= 0.09629443491377157
differential_evolution step 31: f(x)= 0.09629443491377157
differential_evolution step 32: f(x)= 0.09629443491377157
differential_evolution step 33: f(x)= 0.09629443491377157
differential_evolution step 34: f(x)= 0.09629443491377157
differential_evolution step 35: f(x)= 0.09629443491377157
differential_evolution step 36: f(x)= 0.09629443491377157
differential_evolution step 37: f(x)= 0.09629443491377157
differential_evolution step 38: f(x)= 0.09629443491377157
differential_evolution step 39: f(x)= 0.09629443491377157
differential_evolution step 40: f(x)= 0.09629443491377157
differential_evolution step 41: f(x)= 0.09629443491377157
differential_evolution step 42: f(x)= 0.09629443491377157
Pass 2 done in 109.58s. DE reports fun=0.094073
Global best check: loss=0.094073 g_std=0.06201 R2_eh=0.6611 R2_0=0.2085 crash_ratio=12.503 narr_decl=0.9184 narr_rec=9.0526 ok=False cert_score=1.04388
[good snapshot] -> optimization_logs/checkpoints/good_mega0001_r2_0.6611_loss_0.0941_1775214187/
[pivot] mega=1 expanded/jittered working_bounds

======== Mega iteration 2/3 (no early stop — always improving) ========

Pass 1: Latin Hypercube 150 samples
Pass 1 done in 2.83s. Best loss so far: 0.094073
Pass 2: Differential Evolution
differential_evolution step 1: f(x)= 0.10554068905149636
differential_evolution step 2: f(x)= 0.10554068905149636
differential_evolution step 3: f(x)= 0.10554068905149636
differential_evolution step 4: f(x)= 0.10554068905149636
differential_evolution step 5: f(x)= 0.10252005828628882
differential_evolution step 6: f(x)= 0.10252005828628882
differential_evolution step 7: f(x)= 0.10252005828628882
differential_evolution step 8: f(x)= 0.10252005828628882
differential_evolution step 9: f(x)= 0.10252005828628882
differential_evolution step 10: f(x)= 0.10252005828628882
differential_evolution step 11: f(x)= 0.10252005828628882
differential_evolution step 12: f(x)= 0.10252005828628882
differential_evolution step 13: f(x)= 0.10252005828628882
differential_evolution step 14: f(x)= 0.10252005828628882
differential_evolution step 15: f(x)= 0.09736211902675238
differential_evolution step 16: f(x)= 0.09520421073894844
differential_evolution step 17: f(x)= 0.09520421073894844
differential_evolution step 18: f(x)= 0.09520421073894844
differential_evolution step 19: f(x)= 0.09520421073894844
differential_evolution step 20: f(x)= 0.09520421073894844
New Best: 0.092317 (mse_hist_eh=0.08296 gap=0.12632 pen=0.000)
  checkpoint -> optimization_logs/checkpoints/best_0010_1775214230/
differential_evolution step 21: f(x)= 0.09231719325669996
differential_evolution step 22: f(x)= 0.09231719325669996
differential_evolution step 23: f(x)= 0.09231719325669996
differential_evolution step 1: f(x)= 0.12222682832094914
differential_evolution step 2: f(x)= 0.12222682832094914
differential_evolution step 3: f(x)= 0.09754740488101618
differential_evolution step 4: f(x)= 0.09754740488101618
differential_evolution step 5: f(x)= 0.09754740488101618
differential_evolution step 6: f(x)= 0.09754740488101618
differential_evolution step 7: f(x)= 0.09754740488101618
differential_evolution step 8: f(x)= 0.09754740488101618
differential_evolution step 9: f(x)= 0.09754740488101618
differential_evolution step 10: f(x)= 0.09754740488101618
differential_evolution step 11: f(x)= 0.09754740488101618
New Best: 0.091135 (mse_hist_eh=0.08685 gap=0.15640 pen=0.000)
  checkpoint -> optimization_logs/checkpoints/best_0011_1775214245/
differential_evolution step 12: f(x)= 0.09113452690733595
differential_evolution step 13: f(x)= 0.09113452690733595
differential_evolution step 14: f(x)= 0.09113452690733595
differential_evolution step 15: f(x)= 0.09113452690733595
differential_evolution step 16: f(x)= 0.09113452690733595
differential_evolution step 17: f(x)= 0.09113452690733595
differential_evolution step 18: f(x)= 0.09113452690733595
differential_evolution step 19: f(x)= 0.09113452690733595
differential_evolution step 20: f(x)= 0.09113452690733595
differential_evolution step 21: f(x)= 0.09113452690733595
differential_evolution step 22: f(x)= 0.09113452690733595
differential_evolution step 23: f(x)= 0.09113452690733595
differential_evolution step 24: f(x)= 0.09113452690733595
differential_evolution step 25: f(x)= 0.09113452690733595
differential_evolution step 26: f(x)= 0.09113452690733595
differential_evolution step 27: f(x)= 0.09113452690733595
differential_evolution step 1: f(x)= 0.19814164956083294
differential_evolution step 2: f(x)= 0.19814164956083294
differential_evolution step 3: f(x)= 0.19814164956083294
differential_evolution step 4: f(x)= 0.14048367308154058
differential_evolution step 5: f(x)= 0.14048367308154058
differential_evolution step 6: f(x)= 0.14048367308154058
differential_evolution step 7: f(x)= 0.14048367308154058
differential_evolution step 8: f(x)= 0.14048367308154058
differential_evolution step 9: f(x)= 0.14048367308154058
differential_evolution step 10: f(x)= 0.14048367308154058
differential_evolution step 11: f(x)= 0.14048367308154058
differential_evolution step 12: f(x)= 0.13695178253042722
differential_evolution step 13: f(x)= 0.13695178253042722
differential_evolution step 14: f(x)= 0.13695178253042722
differential_evolution step 15: f(x)= 0.13695178253042722
differential_evolution step 16: f(x)= 0.10948416267669162
differential_evolution step 17: f(x)= 0.09497485473810584
differential_evolution step 18: f(x)= 0.09497485473810584
differential_evolution step 19: f(x)= 0.09497485473810584
differential_evolution step 20: f(x)= 0.09497485473810584
differential_evolution step 21: f(x)= 0.09497485473810584
differential_evolution step 22: f(x)= 0.09497485473810584
differential_evolution step 23: f(x)= 0.09497485473810584
differential_evolution step 24: f(x)= 0.09497485473810584
differential_evolution step 25: f(x)= 0.09497485473810584
differential_evolution step 26: f(x)= 0.09497485473810584
differential_evolution step 27: f(x)= 0.09497485473810584
differential_evolution step 28: f(x)= 0.09497485473810584
differential_evolution step 29: f(x)= 0.09497485473810584
differential_evolution step 30: f(x)= 0.09497485473810584
differential_evolution step 31: f(x)= 0.09497485473810584
differential_evolution step 32: f(x)= 0.09497485473810584
differential_evolution step 33: f(x)= 0.09497485473810584
differential_evolution step 34: f(x)= 0.09497485473810584
differential_evolution step 35: f(x)= 0.09497485473810584
differential_evolution step 36: f(x)= 0.09497485473810584
differential_evolution step 37: f(x)= 0.09497485473810584
differential_evolution step 38: f(x)= 0.09497485473810584
differential_evolution step 39: f(x)= 0.09497485473810584
differential_evolution step 40: f(x)= 0.09497485473810584
differential_evolution step 41: f(x)= 0.09497485473810584
differential_evolution step 42: f(x)= 0.09497485473810584
Pass 2 done in 108.45s. DE reports fun=0.091135
Global best check: loss=0.091135 g_std=0.04886 R2_eh=0.6688 R2_0=0.0723 crash_ratio=23.364 narr_decl=0.6741 narr_rec=1.4898 ok=False cert_score=1.05200
[good snapshot] -> optimization_logs/checkpoints/good_mega0002_r2_0.6688_loss_0.0911_1775214299/
[pivot] mega=2 expanded/jittered working_bounds

======== Mega iteration 3/3 (no early stop — always improving) ========

Pass 1: Latin Hypercube 150 samples
Pass 1 done in 2.20s. Best loss so far: 0.091135
Pass 2: Differential Evolution
differential_evolution step 1: f(x)= 0.10229984157043287
differential_evolution step 2: f(x)= 0.10229984157043287
differential_evolution step 3: f(x)= 0.10229984157043287
differential_evolution step 4: f(x)= 0.10229984157043287
differential_evolution step 5: f(x)= 0.10229984157043287
differential_evolution step 6: f(x)= 0.10229984157043287
differential_evolution step 7: f(x)= 0.10229984157043287
differential_evolution step 8: f(x)= 0.10229984157043287
differential_evolution step 9: f(x)= 0.10229984157043287
differential_evolution step 10: f(x)= 0.10229984157043287
differential_evolution step 11: f(x)= 0.10229984157043287
differential_evolution step 12: f(x)= 0.10229984157043287
differential_evolution step 13: f(x)= 0.10229984157043287
differential_evolution step 14: f(x)= 0.10229984157043287
differential_evolution step 15: f(x)= 0.10229984157043287
differential_evolution step 16: f(x)= 0.10229984157043287
differential_evolution step 17: f(x)= 0.10229984157043287
differential_evolution step 18: f(x)= 0.10229984157043287
differential_evolution step 19: f(x)= 0.10229984157043287
differential_evolution step 20: f(x)= 0.10229984157043287
differential_evolution step 21: f(x)= 0.10229984157043287
differential_evolution step 22: f(x)= 0.10229984157043287
differential_evolution step 23: f(x)= 0.09910382594961342
differential_evolution step 1: f(x)= 0.24519210809257921
differential_evolution step 2: f(x)= 0.24519210809257921
differential_evolution step 3: f(x)= 0.21290427153989624
differential_evolution step 4: f(x)= 0.16682653648331516
differential_evolution step 5: f(x)= 0.16682653648331516
differential_evolution step 6: f(x)= 0.11961397852029389
differential_evolution step 7: f(x)= 0.11961397852029389
differential_evolution step 8: f(x)= 0.11961397852029389
differential_evolution step 9: f(x)= 0.11887848201595175
differential_evolution step 10: f(x)= 0.10491232590530802
differential_evolution step 11: f(x)= 0.10491232590530802
differential_evolution step 12: f(x)= 0.10491232590530802
differential_evolution step 13: f(x)= 0.10491232590530802
differential_evolution step 14: f(x)= 0.10491232590530802
differential_evolution step 15: f(x)= 0.10491232590530802
differential_evolution step 16: f(x)= 0.10491232590530802
differential_evolution step 17: f(x)= 0.10491232590530802
differential_evolution step 18: f(x)= 0.10491232590530802
differential_evolution step 19: f(x)= 0.10491232590530802
differential_evolution step 20: f(x)= 0.09855784066271395
differential_evolution step 21: f(x)= 0.09855784066271395
differential_evolution step 22: f(x)= 0.09855784066271395
differential_evolution step 23: f(x)= 0.09855784066271395
differential_evolution step 24: f(x)= 0.09855784066271395
differential_evolution step 25: f(x)= 0.09472713584959949
differential_evolution step 26: f(x)= 0.09472713584959949
differential_evolution step 27: f(x)= 0.09472713584959949
differential_evolution step 1: f(x)= 0.23191420809214497
differential_evolution step 2: f(x)= 0.23191420809214497
differential_evolution step 3: f(x)= 0.22220600524283707
differential_evolution step 4: f(x)= 0.22220600524283707
differential_evolution step 5: f(x)= 0.22220600524283707
differential_evolution step 6: f(x)= 0.22220600524283707
differential_evolution step 7: f(x)= 0.22220600524283707
differential_evolution step 8: f(x)= 0.14675694313480145
differential_evolution step 9: f(x)= 0.14675694313480145
differential_evolution step 10: f(x)= 0.11062261253237494
differential_evolution step 11: f(x)= 0.11062261253237494
differential_evolution step 12: f(x)= 0.11062261253237494
differential_evolution step 13: f(x)= 0.11062261253237494
differential_evolution step 14: f(x)= 0.11062261253237494
differential_evolution step 15: f(x)= 0.10961004144063315
differential_evolution step 16: f(x)= 0.10961004144063315
differential_evolution step 17: f(x)= 0.09241948552886647
differential_evolution step 18: f(x)= 0.09241948552886647
differential_evolution step 19: f(x)= 0.09241948552886647
differential_evolution step 20: f(x)= 0.09241948552886647
differential_evolution step 21: f(x)= 0.09241948552886647
differential_evolution step 22: f(x)= 0.09241948552886647
differential_evolution step 23: f(x)= 0.09241948552886647
differential_evolution step 24: f(x)= 0.09241948552886647
differential_evolution step 25: f(x)= 0.09241948552886647
New Best: 0.089966 (mse_hist_eh=0.09368 gap=0.24597 pen=0.000)
  checkpoint -> optimization_logs/checkpoints/best_0012_1775214390/
differential_evolution step 26: f(x)= 0.08996627875956553
differential_evolution step 27: f(x)= 0.08996627875956553
differential_evolution step 28: f(x)= 0.08996627875956553
differential_evolution step 29: f(x)= 0.08996627875956553
differential_evolution step 30: f(x)= 0.08996627875956553
differential_evolution step 31: f(x)= 0.08996627875956553
differential_evolution step 32: f(x)= 0.08996627875956553
differential_evolution step 33: f(x)= 0.08996627875956553
New Best: 0.088873 (mse_hist_eh=0.09306 gap=0.24299 pen=0.000)
  checkpoint -> optimization_logs/checkpoints/best_0013_1775214397/
differential_evolution step 34: f(x)= 0.08887295229240721
differential_evolution step 35: f(x)= 0.08887295229240721
differential_evolution step 36: f(x)= 0.08887295229240721
differential_evolution step 37: f(x)= 0.08887295229240721
differential_evolution step 38: f(x)= 0.08887295229240721
differential_evolution step 39: f(x)= 0.08887295229240721
differential_evolution step 40: f(x)= 0.08887295229240721
differential_evolution step 41: f(x)= 0.08887295229240721
differential_evolution step 42: f(x)= 0.08887295229240721
Pass 2 done in 102.57s. DE reports fun=0.088873
Global best check: loss=0.088873 g_std=0.02404 R2_eh=0.6451 R2_0=-0.2816 crash_ratio=76.269 narr_decl=0.7889 narr_rec=3.5506 ok=False cert_score=1.02864
[good snapshot] -> optimization_logs/checkpoints/good_mega0003_r2_0.6451_loss_0.0889_1775214404/
[pivot] mega=3 expanded/jittered working_bounds

Best raw array (last DE):
[2.16609212e+00, 4.42830167e-02, 1.34836277e+00, 6.24032138e-03, 1.27282824e-01, 8.55597412e-04, 2.81916819e-02, 2.86412170e+00, 2.54270168e+02, 3.26587145e-01, 1.01824833e+00, 5.41062865e-01, 1.48595516e+01, 3.23093287e+01, 4.30977258e-01, 1.10269060e+00]
Baseline G std=0.02404 | R2 hist (Eh)=0.6451 | R2 hist (Eh=0)=-0.2816
