
======== Mega iteration 1/10000 (no early stop — always improving) ========

Pass 1: Latin Hypercube 150 samples
New Best: 35415201.004507 (mse_hist_eh=10.45290 gap=-3.94219 pen=35415191.507)
New Best: 158964.911659 (mse_hist_eh=0.59467 gap=-0.00020 pen=158964.420)
New Best: 23650.289249 (mse_hist_eh=15.07336 gap=-0.00131 pen=23637.582)
Pass 1 done in 11.93s. Best loss so far: 23650.289249
Pass 2: Differential Evolution
New Best: 20762.063897 (mse_hist_eh=4.21298 gap=-0.00288 pen=20758.388)
New Best: 20537.260408 (mse_hist_eh=9.04498 gap=-0.00013 pen=20529.567)
New Best: 12376.646377 (mse_hist_eh=35.07828 gap=30.06480 pen=12340.028)
New Best: 313.725826 (mse_hist_eh=0.54318 gap=0.00453 pen=313.273)
  checkpoint -> optimization_logs/checkpoints/best_0001_1776395998/
differential_evolution step 1: f(x)= 313.7258260805444
New Best: 6.490082 (mse_hist_eh=7.12828 gap=1.38599 pen=0.000)
  checkpoint -> optimization_logs/checkpoints/best_0002_1776396014/
differential_evolution step 2: f(x)= 6.4900817291337995
differential_evolution step 3: f(x)= 6.4900817291337995
differential_evolution step 4: f(x)= 6.4900817291337995
differential_evolution step 5: f(x)= 6.4900817291337995
New Best: 1.258813 (mse_hist_eh=1.24651 gap=1.99033 pen=0.000)
  checkpoint -> optimization_logs/checkpoints/best_0003_1776396064/
differential_evolution step 6: f(x)= 1.2588132305512671
New Best: 0.900691 (mse_hist_eh=0.73800 gap=2.06463 pen=0.000)
  checkpoint -> optimization_logs/checkpoints/best_0004_1776396076/
differential_evolution step 7: f(x)= 0.9006912877762547
differential_evolution step 8: f(x)= 0.9006912877762547
differential_evolution step 9: f(x)= 0.9006912877762547
differential_evolution step 10: f(x)= 0.9006912877762547
differential_evolution step 11: f(x)= 0.9006912877762547
differential_evolution step 12: f(x)= 0.9006912877762547
differential_evolution step 13: f(x)= 0.9006912877762547
New Best: 0.266928 (mse_hist_eh=0.25660 gap=0.95441 pen=0.000)
  checkpoint -> optimization_logs/checkpoints/best_0005_1776396147/
differential_evolution step 14: f(x)= 0.26692793747213545
differential_evolution step 15: f(x)= 0.26692793747213545
differential_evolution step 16: f(x)= 0.26692793747213545
differential_evolution step 17: f(x)= 0.26692793747213545
differential_evolution step 18: f(x)= 0.26692793747213545
differential_evolution step 19: f(x)= 0.26692793747213545
differential_evolution step 20: f(x)= 0.26692793747213545
differential_evolution step 21: f(x)= 0.26692793747213545
differential_evolution step 22: f(x)= 0.26692793747213545
differential_evolution step 23: f(x)= 0.26692793747213545
New Best: 0.182507 (mse_hist_eh=0.20439 gap=0.35557 pen=0.000)
  checkpoint -> optimization_logs/checkpoints/best_0006_1776396219/
differential_evolution step 24: f(x)= 0.18250657881523688
differential_evolution step 25: f(x)= 0.18250657881523688
differential_evolution step 26: f(x)= 0.18250657881523688
differential_evolution step 27: f(x)= 0.18250657881523688
differential_evolution step 1: f(x)= 22538.21930772262
differential_evolution step 2: f(x)= 22217.951188735788
differential_evolution step 3: f(x)= 22217.951188735788
differential_evolution step 4: f(x)= 16793.85693743223
differential_evolution step 5: f(x)= 16793.85693743223
differential_evolution step 6: f(x)= 3.4272459931443877
differential_evolution step 7: f(x)= 3.4272459931443877
differential_evolution step 8: f(x)= 3.4272459931443877
differential_evolution step 9: f(x)= 3.4272459931443877
differential_evolution step 10: f(x)= 3.4272459931443877
differential_evolution step 11: f(x)= 3.4272459931443877
differential_evolution step 12: f(x)= 3.4272459931443877
differential_evolution step 13: f(x)= 3.4272459931443877
differential_evolution step 14: f(x)= 3.4272459931443877
differential_evolution step 15: f(x)= 0.5535901173722617
differential_evolution step 16: f(x)= 0.5535901173722617
differential_evolution step 17: f(x)= 0.5535901173722617
differential_evolution step 18: f(x)= 0.5535901173722617
differential_evolution step 19: f(x)= 0.5535901173722617
differential_evolution step 20: f(x)= 0.5535901173722617
differential_evolution step 21: f(x)= 0.5535901173722617
differential_evolution step 22: f(x)= 0.4200518811410676
differential_evolution step 23: f(x)= 0.4200518811410676
differential_evolution step 24: f(x)= 0.4200518811410676
differential_evolution step 25: f(x)= 0.4200518811410676
differential_evolution step 26: f(x)= 0.4200518811410676
differential_evolution step 27: f(x)= 0.4200518811410676
differential_evolution step 28: f(x)= 0.4200518811410676
differential_evolution step 29: f(x)= 0.4200518811410676
differential_evolution step 30: f(x)= 0.4200518811410676
differential_evolution step 31: f(x)= 0.4200518811410676
differential_evolution step 32: f(x)= 0.4200518811410676
differential_evolution step 33: f(x)= 0.4200518811410676
differential_evolution step 1: f(x)= 28760.673249967942
differential_evolution step 2: f(x)= 19483.741270299546
differential_evolution step 3: f(x)= 19483.741270299546
differential_evolution step 4: f(x)= 19483.741270299546
differential_evolution step 5: f(x)= 19483.741270299546
differential_evolution step 6: f(x)= 6.217281856204837
differential_evolution step 7: f(x)= 6.217281856204837
differential_evolution step 8: f(x)= 6.217281856204837
differential_evolution step 9: f(x)= 6.217281856204837
differential_evolution step 10: f(x)= 6.217281856204837
differential_evolution step 11: f(x)= 6.217281856204837
differential_evolution step 12: f(x)= 6.217281856204837
differential_evolution step 13: f(x)= 6.217281856204837
differential_evolution step 14: f(x)= 6.217281856204837
differential_evolution step 15: f(x)= 6.217281856204837
differential_evolution step 16: f(x)= 6.217281856204837
differential_evolution step 17: f(x)= 6.217281856204837
differential_evolution step 18: f(x)= 6.217281856204837
differential_evolution step 19: f(x)= 6.217281856204837
differential_evolution step 20: f(x)= 6.217281856204837
differential_evolution step 21: f(x)= 6.217281856204837
differential_evolution step 22: f(x)= 6.217281856204837
differential_evolution step 23: f(x)= 1.292062089536824
differential_evolution step 24: f(x)= 1.292062089536824
differential_evolution step 25: f(x)= 1.292062089536824
differential_evolution step 26: f(x)= 1.292062089536824
differential_evolution step 27: f(x)= 1.292062089536824
differential_evolution step 28: f(x)= 1.292062089536824
differential_evolution step 29: f(x)= 1.292062089536824
differential_evolution step 30: f(x)= 1.292062089536824
differential_evolution step 31: f(x)= 1.292062089536824
differential_evolution step 32: f(x)= 1.292062089536824
differential_evolution step 33: f(x)= 1.292062089536824
differential_evolution step 34: f(x)= 1.292062089536824
differential_evolution step 35: f(x)= 1.292062089536824
differential_evolution step 36: f(x)= 1.1059591746090538
differential_evolution step 37: f(x)= 1.1059591746090538
differential_evolution step 38: f(x)= 1.1059591746090538
differential_evolution step 39: f(x)= 1.1059591746090538
differential_evolution step 40: f(x)= 1.1059591746090538
differential_evolution step 41: f(x)= 1.1059591746090538
differential_evolution step 42: f(x)= 1.1059591746090538
differential_evolution step 43: f(x)= 1.1059591746090538
differential_evolution step 44: f(x)= 1.1059591746090538
differential_evolution step 45: f(x)= 1.1059591746090538
differential_evolution step 46: f(x)= 1.1059591746090538
differential_evolution step 47: f(x)= 1.1059591746090538
differential_evolution step 48: f(x)= 1.1059591746090538
differential_evolution step 49: f(x)= 0.9618170192029194
differential_evolution step 50: f(x)= 0.9618170192029194
differential_evolution step 51: f(x)= 0.9618170192029194
differential_evolution step 52: f(x)= 0.8618096606380441
Pass 2 done in 651.03s. DE reports fun=0.182507
Global best check: loss=0.182507 g_std=0.04808 R2_eh=0.2205 R2_0=-1.1356 crash_ratio=5.017 narr_decl=0.4316 narr_rec=0.4869 ok=False cert_score=0.59093
[good snapshot] -> optimization_logs/checkpoints/good_mega0001_r2_0.2205_loss_0.1825_1776396633/
[pivot] mega=1 expanded/jittered working_bounds

======== Mega iteration 2/10000 (no early stop — always improving) ========

Pass 1: Latin Hypercube 150 samples
Pass 1 done in 16.80s. Best loss so far: 0.182507
Pass 2: Differential Evolution
differential_evolution step 1: f(x)= 19617.785461175143
differential_evolution step 2: f(x)= 3919.1136237404526
differential_evolution step 3: f(x)= 217.31492028086143
differential_evolution step 4: f(x)= 217.31492028086143
differential_evolution step 5: f(x)= 217.31492028086143
differential_evolution step 6: f(x)= 217.31492028086143
differential_evolution step 7: f(x)= 217.31492028086143
differential_evolution step 8: f(x)= 112.92754095150235
differential_evolution step 9: f(x)= 112.92754095150235
differential_evolution step 10: f(x)= 112.92754095150235
differential_evolution step 11: f(x)= 29.746683013793305
differential_evolution step 12: f(x)= 29.746683013793305
differential_evolution step 13: f(x)= 29.746683013793305
differential_evolution step 14: f(x)= 29.746683013793305
differential_evolution step 15: f(x)= 1.2324633963196534
differential_evolution step 16: f(x)= 0.8972345793210958
differential_evolution step 17: f(x)= 0.8972345793210958
differential_evolution step 18: f(x)= 0.8972345793210958
differential_evolution step 19: f(x)= 0.8972345793210958
differential_evolution step 20: f(x)= 0.8972345793210958
differential_evolution step 21: f(x)= 0.8972345793210958
differential_evolution step 22: f(x)= 0.8972345793210958
differential_evolution step 23: f(x)= 0.8972345793210958
differential_evolution step 24: f(x)= 0.3149412098577901
New Best: 0.176917 (mse_hist_eh=0.17763 gap=0.60165 pen=0.000)
  checkpoint -> optimization_logs/checkpoints/best_0007_1776396847/
differential_evolution step 25: f(x)= 0.17691655621950572
differential_evolution step 26: f(x)= 0.17691655621950572
differential_evolution step 27: f(x)= 0.17691655621950572
differential_evolution step 1: f(x)= 19545.18151720785
differential_evolution step 2: f(x)= 19545.18151720785
differential_evolution step 3: f(x)= 19545.18151720785
differential_evolution step 4: f(x)= 19545.18151720785
differential_evolution step 5: f(x)= 19545.18151720785
differential_evolution step 6: f(x)= 19545.18151720785
differential_evolution step 7: f(x)= 19545.18151720785
differential_evolution step 8: f(x)= 19545.18151720785
differential_evolution step 9: f(x)= 19545.18151720785
differential_evolution step 10: f(x)= 19545.18151720785
differential_evolution step 11: f(x)= 19545.18151720785
differential_evolution step 12: f(x)= 19545.18151720785
differential_evolution step 13: f(x)= 2218.2809467089864
differential_evolution step 14: f(x)= 2218.2809467089864
differential_evolution step 15: f(x)= 2218.2809467089864
differential_evolution step 16: f(x)= 2218.2809467089864
differential_evolution step 17: f(x)= 2218.2809467089864
differential_evolution step 18: f(x)= 2218.2809467089864
differential_evolution step 19: f(x)= 2218.2809467089864
differential_evolution step 20: f(x)= 238.37407675931308
differential_evolution step 21: f(x)= 238.37407675931308
differential_evolution step 22: f(x)= 238.37407675931308
differential_evolution step 23: f(x)= 238.37407675931308
differential_evolution step 24: f(x)= 238.37407675931308
differential_evolution step 25: f(x)= 238.37407675931308
differential_evolution step 26: f(x)= 238.37407675931308
differential_evolution step 27: f(x)= 238.37407675931308
differential_evolution step 28: f(x)= 238.37407675931308
differential_evolution step 29: f(x)= 180.93116805255752
differential_evolution step 30: f(x)= 180.93116805255752
differential_evolution step 31: f(x)= 180.93116805255752
differential_evolution step 32: f(x)= 180.93116805255752
differential_evolution step 33: f(x)= 114.39870083005593
differential_evolution step 1: f(x)= 19626.22411630127
differential_evolution step 2: f(x)= 19626.22411630127
differential_evolution step 3: f(x)= 19626.22411630127
differential_evolution step 4: f(x)= 19626.22411630127
differential_evolution step 5: f(x)= 19626.22411630127
differential_evolution step 6: f(x)= 19590.47542957432
differential_evolution step 7: f(x)= 19258.43735988838
differential_evolution step 8: f(x)= 216.2022976637974
differential_evolution step 9: f(x)= 216.2022976637974
differential_evolution step 10: f(x)= 216.2022976637974
differential_evolution step 11: f(x)= 216.2022976637974
differential_evolution step 12: f(x)= 199.8318085787651
differential_evolution step 13: f(x)= 199.8318085787651
differential_evolution step 14: f(x)= 154.2544889499626
differential_evolution step 15: f(x)= 154.2544889499626
differential_evolution step 16: f(x)= 154.2544889499626
differential_evolution step 17: f(x)= 154.2544889499626
differential_evolution step 18: f(x)= 154.2544889499626
differential_evolution step 19: f(x)= 154.2544889499626
differential_evolution step 20: f(x)= 154.2544889499626
differential_evolution step 21: f(x)= 154.2544889499626
differential_evolution step 22: f(x)= 154.2544889499626
differential_evolution step 23: f(x)= 154.2544889499626
differential_evolution step 24: f(x)= 154.2544889499626
differential_evolution step 25: f(x)= 154.2544889499626
differential_evolution step 26: f(x)= 154.2544889499626
differential_evolution step 27: f(x)= 154.2544889499626
differential_evolution step 28: f(x)= 120.73909650353694
differential_evolution step 29: f(x)= 110.13123971679447
differential_evolution step 30: f(x)= 110.13123971679447
differential_evolution step 31: f(x)= 110.13123971679447
differential_evolution step 32: f(x)= 110.13123971679447
differential_evolution step 33: f(x)= 110.13123971679447
differential_evolution step 34: f(x)= 110.13123971679447
differential_evolution step 35: f(x)= 110.13123971679447
differential_evolution step 36: f(x)= 4.48287070625848
differential_evolution step 37: f(x)= 4.48287070625848
differential_evolution step 38: f(x)= 0.6875103202063871
differential_evolution step 39: f(x)= 0.6875103202063871
differential_evolution step 40: f(x)= 0.6875103202063871
differential_evolution step 41: f(x)= 0.6875103202063871
differential_evolution step 42: f(x)= 0.6875103202063871
differential_evolution step 43: f(x)= 0.6875103202063871
differential_evolution step 44: f(x)= 0.6875103202063871
differential_evolution step 45: f(x)= 0.6875103202063871
differential_evolution step 46: f(x)= 0.6875103202063871
differential_evolution step 47: f(x)= 0.6875103202063871
differential_evolution step 48: f(x)= 0.6875103202063871
differential_evolution step 49: f(x)= 0.3398040643204101
differential_evolution step 50: f(x)= 0.3398040643204101
differential_evolution step 51: f(x)= 0.3398040643204101
differential_evolution step 52: f(x)= 0.3398040643204101
Pass 2 done in 566.35s. DE reports fun=0.176917
Global best check: loss=0.176917 g_std=0.02566 R2_eh=0.3225 R2_0=-1.9721 crash_ratio=63.145 narr_decl=0.6997 narr_rec=1.5701 ok=False cert_score=0.69376
[good snapshot] -> optimization_logs/checkpoints/good_mega0002_r2_0.3225_loss_0.1769_1776397217/
[pivot] mega=2 expanded/jittered working_bounds

======== Mega iteration 3/10000 (no early stop — always improving) ========

Pass 1: Latin Hypercube 150 samples
Pass 1 done in 17.30s. Best loss so far: 0.176917
Pass 2: Differential Evolution
differential_evolution step 1: f(x)= 5750.419961287443
differential_evolution step 2: f(x)= 296.2678571731795
differential_evolution step 3: f(x)= 296.2678571731795
differential_evolution step 4: f(x)= 296.2678571731795
differential_evolution step 5: f(x)= 296.2678571731795
differential_evolution step 6: f(x)= 296.2678571731795
differential_evolution step 7: f(x)= 1.6701804212148887
differential_evolution step 8: f(x)= 1.6701804212148887
differential_evolution step 9: f(x)= 1.6701804212148887
differential_evolution step 10: f(x)= 1.6701804212148887
differential_evolution step 11: f(x)= 1.6701804212148887
differential_evolution step 12: f(x)= 1.6701804212148887
differential_evolution step 13: f(x)= 1.6701804212148887
differential_evolution step 14: f(x)= 1.6701804212148887
differential_evolution step 15: f(x)= 1.6701804212148887
differential_evolution step 16: f(x)= 1.6701804212148887
differential_evolution step 17: f(x)= 1.6701804212148887
differential_evolution step 18: f(x)= 0.7831167511839645
differential_evolution step 19: f(x)= 0.7831167511839645
differential_evolution step 20: f(x)= 0.7831167511839645
differential_evolution step 21: f(x)= 0.7831167511839645
differential_evolution step 22: f(x)= 0.7831167511839645
differential_evolution step 23: f(x)= 0.7831167511839645
differential_evolution step 24: f(x)= 0.7831167511839645
differential_evolution step 25: f(x)= 0.7831167511839645
differential_evolution step 26: f(x)= 0.7831167511839645
differential_evolution step 27: f(x)= 0.29651486978368324
differential_evolution step 1: f(x)= 22918.14992932648
differential_evolution step 2: f(x)= 21787.239635785067
differential_evolution step 3: f(x)= 21787.239635785067
differential_evolution step 4: f(x)= 19857.542473103444
differential_evolution step 5: f(x)= 19857.542473103444
differential_evolution step 6: f(x)= 13921.898291660575
differential_evolution step 7: f(x)= 13921.898291660575
differential_evolution step 8: f(x)= 13921.898291660575
differential_evolution step 9: f(x)= 58.101439597935254
differential_evolution step 10: f(x)= 58.101439597935254
differential_evolution step 11: f(x)= 58.101439597935254
differential_evolution step 12: f(x)= 58.101439597935254
differential_evolution step 13: f(x)= 58.101439597935254
differential_evolution step 14: f(x)= 58.101439597935254
differential_evolution step 15: f(x)= 58.101439597935254
differential_evolution step 16: f(x)= 58.101439597935254
differential_evolution step 17: f(x)= 27.180675282051332
differential_evolution step 18: f(x)= 27.180675282051332
differential_evolution step 19: f(x)= 27.180675282051332
differential_evolution step 20: f(x)= 27.180675282051332
differential_evolution step 21: f(x)= 27.180675282051332
differential_evolution step 22: f(x)= 27.180675282051332
differential_evolution step 23: f(x)= 27.180675282051332
differential_evolution step 24: f(x)= 27.180675282051332
differential_evolution step 25: f(x)= 27.180675282051332
differential_evolution step 26: f(x)= 27.180675282051332
differential_evolution step 27: f(x)= 27.180675282051332
differential_evolution step 28: f(x)= 27.180675282051332
differential_evolution step 29: f(x)= 27.180675282051332
differential_evolution step 30: f(x)= 27.180675282051332
differential_evolution step 31: f(x)= 27.180675282051332
differential_evolution step 32: f(x)= 27.180675282051332
differential_evolution step 33: f(x)= 27.180675282051332
differential_evolution step 1: f(x)= 20650.82077752117
differential_evolution step 2: f(x)= 20650.82077752117
differential_evolution step 3: f(x)= 11724.870864931976
differential_evolution step 4: f(x)= 11724.870864931976
differential_evolution step 5: f(x)= 11724.870864931976
differential_evolution step 6: f(x)= 11724.870864931976
differential_evolution step 7: f(x)= 11724.870864931976
differential_evolution step 8: f(x)= 11724.870864931976
differential_evolution step 9: f(x)= 11724.870864931976
differential_evolution step 10: f(x)= 11724.870864931976
differential_evolution step 11: f(x)= 11724.870864931976
differential_evolution step 12: f(x)= 2.5635447446963995
differential_evolution step 13: f(x)= 2.5635447446963995
differential_evolution step 14: f(x)= 2.5635447446963995
differential_evolution step 15: f(x)= 2.5635447446963995
differential_evolution step 16: f(x)= 2.5635447446963995
differential_evolution step 17: f(x)= 2.5635447446963995
differential_evolution step 18: f(x)= 2.5635447446963995
differential_evolution step 19: f(x)= 2.5635447446963995
differential_evolution step 20: f(x)= 2.5635447446963995
differential_evolution step 21: f(x)= 2.5635447446963995
differential_evolution step 22: f(x)= 0.695856939064439
differential_evolution step 23: f(x)= 0.695856939064439
differential_evolution step 24: f(x)= 0.695856939064439
differential_evolution step 25: f(x)= 0.695856939064439
differential_evolution step 26: f(x)= 0.5430212105340789
differential_evolution step 27: f(x)= 0.5430212105340789
differential_evolution step 28: f(x)= 0.5430212105340789
differential_evolution step 29: f(x)= 0.5430212105340789
differential_evolution step 30: f(x)= 0.5430212105340789
differential_evolution step 31: f(x)= 0.5430212105340789
differential_evolution step 32: f(x)= 0.5430212105340789
differential_evolution step 33: f(x)= 0.5430212105340789
differential_evolution step 34: f(x)= 0.5430212105340789
differential_evolution step 35: f(x)= 0.5430212105340789
differential_evolution step 36: f(x)= 0.5430212105340789
differential_evolution step 37: f(x)= 0.5430212105340789
differential_evolution step 38: f(x)= 0.5430212105340789
differential_evolution step 39: f(x)= 0.5430212105340789
differential_evolution step 40: f(x)= 0.5430212105340789
differential_evolution step 41: f(x)= 0.5430212105340789
differential_evolution step 42: f(x)= 0.5430212105340789
differential_evolution step 43: f(x)= 0.5430212105340789
differential_evolution step 44: f(x)= 0.5430212105340789
differential_evolution step 45: f(x)= 0.5430212105340789
differential_evolution step 46: f(x)= 0.2618307122089588
differential_evolution step 47: f(x)= 0.2618307122089588
differential_evolution step 48: f(x)= 0.2618307122089588
differential_evolution step 49: f(x)= 0.2618307122089588
differential_evolution step 50: f(x)= 0.2618307122089588
differential_evolution step 51: f(x)= 0.2618307122089588
differential_evolution step 52: f(x)= 0.2618307122089588
Pass 2 done in 585.85s. DE reports fun=0.261831
Global best check: loss=0.176917 g_std=0.02566 R2_eh=0.3225 R2_0=-1.9721 crash_ratio=63.145 narr_decl=0.6997 narr_rec=1.5701 ok=False cert_score=0.69376
[good snapshot] -> optimization_logs/checkpoints/good_mega0003_r2_0.3225_loss_0.1769_1776397820/
[pivot] mega=3 expanded/jittered working_bounds

======== Mega iteration 4/10000 (no early stop — always improving) ========

Pass 1: Latin Hypercube 150 samples
Pass 1 done in 14.71s. Best loss so far: 0.176917
Pass 2: Differential Evolution
differential_evolution step 1: f(x)= 2719.2357319999446
differential_evolution step 2: f(x)= 212.22215893597127
differential_evolution step 3: f(x)= 212.22215893597127
differential_evolution step 4: f(x)= 212.22215893597127
differential_evolution step 5: f(x)= 122.26018498939742
differential_evolution step 6: f(x)= 117.87621313227885
differential_evolution step 7: f(x)= 102.03316927376085
differential_evolution step 8: f(x)= 102.03316927376085
differential_evolution step 9: f(x)= 102.03316927376085
differential_evolution step 10: f(x)= 102.03316927376085
differential_evolution step 11: f(x)= 96.40685481742702
differential_evolution step 12: f(x)= 96.40685481742702
differential_evolution step 13: f(x)= 96.40685481742702
differential_evolution step 14: f(x)= 71.11396239533674
differential_evolution step 15: f(x)= 0.24917210299478618
differential_evolution step 16: f(x)= 0.24917210299478618
differential_evolution step 17: f(x)= 0.24917210299478618
differential_evolution step 18: f(x)= 0.24917210299478618
differential_evolution step 19: f(x)= 0.24917210299478618
differential_evolution step 20: f(x)= 0.24917210299478618
differential_evolution step 21: f(x)= 0.24917210299478618
New Best: 0.146771 (mse_hist_eh=0.13764 gap=0.12549 pen=0.000)
  checkpoint -> optimization_logs/checkpoints/best_0008_1776398023/
differential_evolution step 22: f(x)= 0.14677120838064311
differential_evolution step 23: f(x)= 0.14677120838064311
differential_evolution step 24: f(x)= 0.14677120838064311
differential_evolution step 25: f(x)= 0.14677120838064311
differential_evolution step 26: f(x)= 0.14677120838064311
differential_evolution step 27: f(x)= 0.14677120838064311
differential_evolution step 1: f(x)= 19496.62436586407
differential_evolution step 2: f(x)= 19496.62436586407
differential_evolution step 3: f(x)= 19496.62436586407
differential_evolution step 4: f(x)= 19496.62436586407
differential_evolution step 5: f(x)= 19496.62436586407
differential_evolution step 6: f(x)= 19496.62436586407
differential_evolution step 7: f(x)= 19496.62436586407
differential_evolution step 8: f(x)= 1961.491240457689
differential_evolution step 9: f(x)= 247.23518772190602
differential_evolution step 10: f(x)= 29.842876440578326
differential_evolution step 11: f(x)= 29.842876440578326
differential_evolution step 12: f(x)= 29.842876440578326
differential_evolution step 13: f(x)= 29.842876440578326
differential_evolution step 14: f(x)= 29.842876440578326
differential_evolution step 15: f(x)= 29.842876440578326
differential_evolution step 16: f(x)= 14.771253952402231
differential_evolution step 17: f(x)= 14.771253952402231
differential_evolution step 18: f(x)= 14.771253952402231
differential_evolution step 19: f(x)= 14.771253952402231
differential_evolution step 20: f(x)= 14.771253952402231
differential_evolution step 21: f(x)= 14.771253952402231
differential_evolution step 22: f(x)= 5.933008811158077
differential_evolution step 23: f(x)= 5.933008811158077
differential_evolution step 24: f(x)= 5.933008811158077
differential_evolution step 25: f(x)= 5.933008811158077
differential_evolution step 26: f(x)= 5.933008811158077
differential_evolution step 27: f(x)= 5.933008811158077
differential_evolution step 28: f(x)= 5.933008811158077
differential_evolution step 29: f(x)= 5.933008811158077
differential_evolution step 30: f(x)= 5.933008811158077
differential_evolution step 31: f(x)= 5.933008811158077
differential_evolution step 32: f(x)= 2.1120836478034857
differential_evolution step 33: f(x)= 2.1120836478034857
differential_evolution step 1: f(x)= 21141.712006316062
differential_evolution step 2: f(x)= 19803.915582168378
differential_evolution step 3: f(x)= 19803.915582168378
differential_evolution step 4: f(x)= 19803.915582168378
differential_evolution step 5: f(x)= 19741.216550386063
differential_evolution step 6: f(x)= 19741.216550386063
differential_evolution step 7: f(x)= 19643.59242855434
differential_evolution step 8: f(x)= 19643.59242855434
differential_evolution step 9: f(x)= 19538.269516892666
differential_evolution step 10: f(x)= 19208.1892899868
differential_evolution step 11: f(x)= 19208.1892899868
differential_evolution step 12: f(x)= 19109.487687444176
differential_evolution step 13: f(x)= 19109.487687444176
differential_evolution step 14: f(x)= 17317.37339011004
differential_evolution step 15: f(x)= 3.34020561592862
differential_evolution step 16: f(x)= 3.34020561592862
differential_evolution step 17: f(x)= 3.34020561592862
differential_evolution step 18: f(x)= 3.34020561592862
differential_evolution step 19: f(x)= 0.16224507986959663
differential_evolution step 20: f(x)= 0.16224507986959663
differential_evolution step 21: f(x)= 0.16224507986959663
differential_evolution step 22: f(x)= 0.16224507986959663
differential_evolution step 23: f(x)= 0.16224507986959663
differential_evolution step 24: f(x)= 0.16224507986959663
differential_evolution step 25: f(x)= 0.16224507986959663
differential_evolution step 26: f(x)= 0.16224507986959663
differential_evolution step 27: f(x)= 0.16224507986959663
differential_evolution step 28: f(x)= 0.16224507986959663
differential_evolution step 29: f(x)= 0.16224507986959663
differential_evolution step 30: f(x)= 0.16224507986959663
differential_evolution step 31: f(x)= 0.16224507986959663
differential_evolution step 32: f(x)= 0.16224507986959663
differential_evolution step 33: f(x)= 0.16224507986959663
differential_evolution step 34: f(x)= 0.16224507986959663
differential_evolution step 35: f(x)= 0.16224507986959663
differential_evolution step 36: f(x)= 0.16224507986959663
differential_evolution step 37: f(x)= 0.16224507986959663
differential_evolution step 38: f(x)= 0.16224507986959663
differential_evolution step 39: f(x)= 0.16224507986959663
differential_evolution step 40: f(x)= 0.16224507986959663
differential_evolution step 41: f(x)= 0.16224507986959663
differential_evolution step 42: f(x)= 0.16224507986959663
differential_evolution step 43: f(x)= 0.16224507986959663
differential_evolution step 44: f(x)= 0.16224507986959663
differential_evolution step 45: f(x)= 0.16224507986959663
differential_evolution step 46: f(x)= 0.16224507986959663
differential_evolution step 47: f(x)= 0.16224507986959663
differential_evolution step 48: f(x)= 0.16224507986959663
differential_evolution step 49: f(x)= 0.16224507986959663
differential_evolution step 50: f(x)= 0.16224507986959663
differential_evolution step 51: f(x)= 0.16224507986959663
differential_evolution step 52: f(x)= 0.16224507986959663
Pass 2 done in 607.82s. DE reports fun=0.146771
Global best check: loss=0.146771 g_std=0.07531 R2_eh=0.4751 R2_0=-0.0035 crash_ratio=5.442 narr_decl=0.8361 narr_rec=4.1568 ok=False cert_score=0.85051
[good snapshot] -> optimization_logs/checkpoints/good_mega0004_r2_0.4751_loss_0.1468_1776398443/
[pivot] mega=4 expanded/jittered working_bounds

======== Mega iteration 5/10000 (no early stop — always improving) ========

Pass 1: Latin Hypercube 150 samples
Pass 1 done in 9.92s. Best loss so far: 0.146771
Pass 2: Differential Evolution
differential_evolution step 1: f(x)= 8626.60309463251
differential_evolution step 2: f(x)= 8626.60309463251
differential_evolution step 3: f(x)= 8626.60309463251
differential_evolution step 4: f(x)= 2429.8710523316076
differential_evolution step 5: f(x)= 2429.8710523316076
differential_evolution step 6: f(x)= 2429.8710523316076
differential_evolution step 7: f(x)= 2429.8710523316076
differential_evolution step 8: f(x)= 2.7380736449989582
differential_evolution step 9: f(x)= 2.7380736449989582
differential_evolution step 10: f(x)= 2.7380736449989582
differential_evolution step 11: f(x)= 2.7380736449989582
differential_evolution step 12: f(x)= 2.7380736449989582
differential_evolution step 13: f(x)= 2.7380736449989582
differential_evolution step 14: f(x)= 2.18686019736327
differential_evolution step 15: f(x)= 2.18686019736327
differential_evolution step 16: f(x)= 1.4973982516440205
differential_evolution step 17: f(x)= 1.4973982516440205
differential_evolution step 18: f(x)= 1.4973982516440205
differential_evolution step 19: f(x)= 1.4973982516440205
differential_evolution step 20: f(x)= 1.4973982516440205
differential_evolution step 21: f(x)= 1.4973982516440205
differential_evolution step 22: f(x)= 1.4973982516440205
differential_evolution step 23: f(x)= 1.4973982516440205
differential_evolution step 24: f(x)= 1.4973982516440205
differential_evolution step 25: f(x)= 1.4973982516440205
differential_evolution step 26: f(x)= 1.4973982516440205
differential_evolution step 27: f(x)= 1.4973982516440205
differential_evolution step 1: f(x)= 13.428575459353418
differential_evolution step 2: f(x)= 13.428575459353418
differential_evolution step 3: f(x)= 13.428575459353418
differential_evolution step 4: f(x)= 13.428575459353418
differential_evolution step 5: f(x)= 13.428575459353418
differential_evolution step 6: f(x)= 13.428575459353418
differential_evolution step 7: f(x)= 13.428575459353418
differential_evolution step 8: f(x)= 13.428575459353418
differential_evolution step 9: f(x)= 13.428575459353418
differential_evolution step 10: f(x)= 5.654684780194078
differential_evolution step 11: f(x)= 5.654684780194078
differential_evolution step 12: f(x)= 5.654684780194078
differential_evolution step 13: f(x)= 5.654684780194078
differential_evolution step 14: f(x)= 5.654684780194078
differential_evolution step 15: f(x)= 5.654684780194078
differential_evolution step 16: f(x)= 5.654684780194078
differential_evolution step 17: f(x)= 5.654684780194078
differential_evolution step 18: f(x)= 5.654684780194078
differential_evolution step 19: f(x)= 5.654684780194078
differential_evolution step 20: f(x)= 5.654684780194078
differential_evolution step 21: f(x)= 5.654684780194078
differential_evolution step 22: f(x)= 5.654684780194078
differential_evolution step 23: f(x)= 5.654684780194078
differential_evolution step 24: f(x)= 5.654684780194078
differential_evolution step 25: f(x)= 5.654684780194078
differential_evolution step 26: f(x)= 5.654684780194078
differential_evolution step 27: f(x)= 5.654684780194078
differential_evolution step 28: f(x)= 5.654684780194078
differential_evolution step 29: f(x)= 4.486001199801671
differential_evolution step 30: f(x)= 4.486001199801671
differential_evolution step 31: f(x)= 1.7235325782144921
differential_evolution step 32: f(x)= 1.7235325782144921
differential_evolution step 33: f(x)= 1.7235325782144921
differential_evolution step 1: f(x)= 164.85470754259154
differential_evolution step 2: f(x)= 164.85470754259154
differential_evolution step 3: f(x)= 164.85470754259154
differential_evolution step 4: f(x)= 164.85470754259154
differential_evolution step 5: f(x)= 164.85470754259154
differential_evolution step 6: f(x)= 164.85470754259154
differential_evolution step 7: f(x)= 164.85470754259154
differential_evolution step 8: f(x)= 164.85470754259154
differential_evolution step 9: f(x)= 164.85470754259154
differential_evolution step 10: f(x)= 164.85470754259154
differential_evolution step 11: f(x)= 164.85470754259154
differential_evolution step 12: f(x)= 164.85470754259154
differential_evolution step 13: f(x)= 164.85470754259154
differential_evolution step 14: f(x)= 164.85470754259154
differential_evolution step 15: f(x)= 81.56848683068732
differential_evolution step 16: f(x)= 81.56848683068732
differential_evolution step 17: f(x)= 81.56848683068732
differential_evolution step 18: f(x)= 3.1281968981941675
differential_evolution step 19: f(x)= 3.1281968981941675
differential_evolution step 20: f(x)= 3.1281968981941675
differential_evolution step 21: f(x)= 3.1281968981941675
differential_evolution step 22: f(x)= 3.1281968981941675
differential_evolution step 23: f(x)= 3.1281968981941675
differential_evolution step 24: f(x)= 3.1281968981941675
differential_evolution step 25: f(x)= 3.1281968981941675
differential_evolution step 26: f(x)= 3.1281968981941675
differential_evolution step 27: f(x)= 3.1281968981941675
differential_evolution step 28: f(x)= 3.1281968981941675
differential_evolution step 29: f(x)= 3.1281968981941675
differential_evolution step 30: f(x)= 3.1281968981941675
differential_evolution step 31: f(x)= 3.1281968981941675
differential_evolution step 32: f(x)= 2.641809869373933
differential_evolution step 33: f(x)= 2.641809869373933
differential_evolution step 34: f(x)= 2.641809869373933
differential_evolution step 35: f(x)= 2.641809869373933
differential_evolution step 36: f(x)= 2.641809869373933
differential_evolution step 37: f(x)= 0.33490444158869337
differential_evolution step 38: f(x)= 0.33490444158869337
differential_evolution step 39: f(x)= 0.33490444158869337
differential_evolution step 40: f(x)= 0.33490444158869337
differential_evolution step 41: f(x)= 0.33490444158869337
differential_evolution step 42: f(x)= 0.33490444158869337
differential_evolution step 43: f(x)= 0.33490444158869337
differential_evolution step 44: f(x)= 0.33490444158869337
differential_evolution step 45: f(x)= 0.2131223728525959
New Best: 0.119000 (mse_hist_eh=0.12700 gap=0.11081 pen=0.000)
  checkpoint -> optimization_logs/checkpoints/best_0009_1776399198/
differential_evolution step 46: f(x)= 0.11900028513998498
differential_evolution step 47: f(x)= 0.11900028513998498
differential_evolution step 48: f(x)= 0.11900028513998498
differential_evolution step 49: f(x)= 0.11900028513998498
differential_evolution step 50: f(x)= 0.11900028513998498
differential_evolution step 51: f(x)= 0.11900028513998498
differential_evolution step 52: f(x)= 0.11900028513998498
Pass 2 done in 766.27s. DE reports fun=0.119000
Global best check: loss=0.119000 g_std=0.03477 R2_eh=0.5156 R2_0=0.0930 crash_ratio=4.385 narr_decl=0.3797 narr_rec=0.1101 ok=False cert_score=0.87314
[good snapshot] -> optimization_logs/checkpoints/good_mega0005_r2_0.5156_loss_0.1190_1776399220/
[pivot] mega=5 expanded/jittered working_bounds

======== Mega iteration 6/10000 (no early stop — always improving) ========

Pass 1: Latin Hypercube 150 samples
Pass 1 done in 11.92s. Best loss so far: 0.119000
Pass 2: Differential Evolution
differential_evolution step 1: f(x)= 20966.801686890412
differential_evolution step 2: f(x)= 19757.013497872722
differential_evolution step 3: f(x)= 17496.314749233596
differential_evolution step 4: f(x)= 17496.314749233596
differential_evolution step 5: f(x)= 17496.314749233596
differential_evolution step 6: f(x)= 11802.37929512732
differential_evolution step 7: f(x)= 11802.37929512732
differential_evolution step 8: f(x)= 6590.431341275155
differential_evolution step 9: f(x)= 250.27174564991432
differential_evolution step 10: f(x)= 250.27174564991432
differential_evolution step 11: f(x)= 125.03834538825856
differential_evolution step 12: f(x)= 125.03834538825856
differential_evolution step 13: f(x)= 125.03834538825856
differential_evolution step 14: f(x)= 125.03834538825856
differential_evolution step 15: f(x)= 125.03834538825856
differential_evolution step 16: f(x)= 125.03834538825856
differential_evolution step 17: f(x)= 125.03834538825856
differential_evolution step 18: f(x)= 125.03834538825856
differential_evolution step 19: f(x)= 94.75528836244732
differential_evolution step 20: f(x)= 94.75528836244732
differential_evolution step 21: f(x)= 94.75528836244732
differential_evolution step 22: f(x)= 94.75528836244732
differential_evolution step 23: f(x)= 94.75528836244732
differential_evolution step 24: f(x)= 94.75528836244732
differential_evolution step 25: f(x)= 94.75528836244732
differential_evolution step 26: f(x)= 94.75528836244732
differential_evolution step 27: f(x)= 94.75528836244732
differential_evolution step 1: f(x)= 19760.55854337762
differential_evolution step 2: f(x)= 19760.55854337762
differential_evolution step 3: f(x)= 19760.55854337762
differential_evolution step 4: f(x)= 19760.55854337762
differential_evolution step 5: f(x)= 19760.55854337762
differential_evolution step 6: f(x)= 19760.55854337762
differential_evolution step 7: f(x)= 19760.55854337762
differential_evolution step 8: f(x)= 19760.55854337762
differential_evolution step 9: f(x)= 19082.89351122264
differential_evolution step 10: f(x)= 19082.89351122264
differential_evolution step 11: f(x)= 19082.89351122264
differential_evolution step 12: f(x)= 19082.89351122264
differential_evolution step 13: f(x)= 19082.89351122264
differential_evolution step 14: f(x)= 19082.89351122264
differential_evolution step 15: f(x)= 133.10118221597557
differential_evolution step 16: f(x)= 133.10118221597557
differential_evolution step 17: f(x)= 133.10118221597557
differential_evolution step 18: f(x)= 133.10118221597557
differential_evolution step 19: f(x)= 133.10118221597557
differential_evolution step 20: f(x)= 133.10118221597557
differential_evolution step 21: f(x)= 8.949148149952883
differential_evolution step 22: f(x)= 8.949148149952883
differential_evolution step 23: f(x)= 8.949148149952883
differential_evolution step 24: f(x)= 8.949148149952883
differential_evolution step 25: f(x)= 8.949148149952883
differential_evolution step 26: f(x)= 8.949148149952883
differential_evolution step 27: f(x)= 8.949148149952883
differential_evolution step 28: f(x)= 8.949148149952883
differential_evolution step 29: f(x)= 8.949148149952883
differential_evolution step 30: f(x)= 8.949148149952883
differential_evolution step 31: f(x)= 8.949148149952883
differential_evolution step 32: f(x)= 8.949148149952883
differential_evolution step 33: f(x)= 0.6092992026719307
differential_evolution step 1: f(x)= 24718.025224859226
differential_evolution step 2: f(x)= 22031.193257017883
differential_evolution step 3: f(x)= 22031.193257017883
differential_evolution step 4: f(x)= 22031.193257017883
differential_evolution step 5: f(x)= 22031.193257017883
differential_evolution step 6: f(x)= 22031.193257017883
differential_evolution step 7: f(x)= 22031.193257017883
differential_evolution step 8: f(x)= 15218.237569839754
differential_evolution step 9: f(x)= 130.02370329126344
differential_evolution step 10: f(x)= 130.02370329126344
differential_evolution step 11: f(x)= 5.893871986485972
differential_evolution step 12: f(x)= 5.893871986485972
differential_evolution step 13: f(x)= 5.893871986485972
differential_evolution step 14: f(x)= 1.4781437302657565
differential_evolution step 15: f(x)= 1.4781437302657565
differential_evolution step 16: f(x)= 1.4781437302657565
differential_evolution step 17: f(x)= 0.8953180252437846
differential_evolution step 18: f(x)= 0.8953180252437846
differential_evolution step 19: f(x)= 0.8953180252437846
differential_evolution step 20: f(x)= 0.8953180252437846
differential_evolution step 21: f(x)= 0.8953180252437846
differential_evolution step 22: f(x)= 0.8953180252437846
differential_evolution step 23: f(x)= 0.8953180252437846
differential_evolution step 24: f(x)= 0.7152373862165828
differential_evolution step 25: f(x)= 0.7152373862165828
differential_evolution step 26: f(x)= 0.7152373862165828
differential_evolution step 27: f(x)= 0.7152373862165828
differential_evolution step 28: f(x)= 0.7152373862165828
differential_evolution step 29: f(x)= 0.7152373862165828
differential_evolution step 30: f(x)= 0.7152373862165828
differential_evolution step 31: f(x)= 0.7152373862165828
differential_evolution step 32: f(x)= 0.7152373862165828
differential_evolution step 33: f(x)= 0.7152373862165828
differential_evolution step 34: f(x)= 0.7152373862165828
differential_evolution step 35: f(x)= 0.7152373862165828
differential_evolution step 36: f(x)= 0.7152373862165828
differential_evolution step 37: f(x)= 0.7152373862165828
differential_evolution step 38: f(x)= 0.7152373862165828
differential_evolution step 39: f(x)= 0.7152373862165828
differential_evolution step 40: f(x)= 0.7152373862165828
differential_evolution step 41: f(x)= 0.7152373862165828
differential_evolution step 42: f(x)= 0.7152373862165828
differential_evolution step 43: f(x)= 0.7152373862165828
differential_evolution step 44: f(x)= 0.7152373862165828
differential_evolution step 45: f(x)= 0.7152373862165828
differential_evolution step 46: f(x)= 0.7152373862165828
differential_evolution step 47: f(x)= 0.7152373862165828
differential_evolution step 48: f(x)= 0.7152373862165828
differential_evolution step 49: f(x)= 0.7152373862165828
differential_evolution step 50: f(x)= 0.7152373862165828
differential_evolution step 51: f(x)= 0.7152373862165828
differential_evolution step 52: f(x)= 0.7152373862165828
Pass 2 done in 701.72s. DE reports fun=0.609299
Global best check: loss=0.119000 g_std=0.03477 R2_eh=0.5156 R2_0=0.0930 crash_ratio=4.385 narr_decl=0.3797 narr_rec=0.1101 ok=False cert_score=0.87314
[good snapshot] -> optimization_logs/checkpoints/good_mega0006_r2_0.5156_loss_0.1190_1776399934/
[pivot] mega=6 expanded/jittered working_bounds

======== Mega iteration 7/10000 (no early stop — always improving) ========

Pass 1: Latin Hypercube 150 samples
Pass 1 done in 14.67s. Best loss so far: 0.119000
Pass 2: Differential Evolution
differential_evolution step 1: f(x)= 19045.408070177098
differential_evolution step 2: f(x)= 17200.91712300535
differential_evolution step 3: f(x)= 15879.937767464497
differential_evolution step 4: f(x)= 15879.937767464497
differential_evolution step 5: f(x)= 15879.937767464497
differential_evolution step 6: f(x)= 10.478975259963125
differential_evolution step 7: f(x)= 10.478975259963125
differential_evolution step 8: f(x)= 10.478975259963125
differential_evolution step 9: f(x)= 10.478975259963125
differential_evolution step 10: f(x)= 10.478975259963125
differential_evolution step 11: f(x)= 7.847558231452586
differential_evolution step 12: f(x)= 7.847558231452586
differential_evolution step 13: f(x)= 7.847558231452586
differential_evolution step 14: f(x)= 7.847558231452586
differential_evolution step 15: f(x)= 7.847558231452586
differential_evolution step 16: f(x)= 7.847558231452586
differential_evolution step 17: f(x)= 0.7037532754112273
differential_evolution step 18: f(x)= 0.7037532754112273
differential_evolution step 19: f(x)= 0.7037532754112273
differential_evolution step 20: f(x)= 0.7037532754112273
differential_evolution step 21: f(x)= 0.7037532754112273
differential_evolution step 22: f(x)= 0.11904315301403047
differential_evolution step 23: f(x)= 0.11904315301403047
differential_evolution step 24: f(x)= 0.11904315301403047
differential_evolution step 25: f(x)= 0.11904315301403047
differential_evolution step 26: f(x)= 0.11904315301403047
differential_evolution step 27: f(x)= 0.11904315301403047
differential_evolution step 1: f(x)= 22526.440936537605
differential_evolution step 2: f(x)= 21820.634807886643
differential_evolution step 3: f(x)= 20830.87401025153
differential_evolution step 4: f(x)= 19259.912338344908
differential_evolution step 5: f(x)= 19259.912338344908
differential_evolution step 6: f(x)= 19259.912338344908
differential_evolution step 7: f(x)= 19259.912338344908
differential_evolution step 8: f(x)= 19259.912338344908
differential_evolution step 9: f(x)= 19259.912338344908
differential_evolution step 10: f(x)= 8757.447794261669
differential_evolution step 11: f(x)= 3136.4309133080865
differential_evolution step 12: f(x)= 3136.4309133080865
differential_evolution step 13: f(x)= 3136.4309133080865
differential_evolution step 14: f(x)= 2660.6652437213424
differential_evolution step 15: f(x)= 2660.6652437213424
differential_evolution step 16: f(x)= 2660.6652437213424
differential_evolution step 17: f(x)= 2660.6652437213424
differential_evolution step 18: f(x)= 2660.6652437213424
differential_evolution step 19: f(x)= 2660.6652437213424
differential_evolution step 20: f(x)= 2660.6652437213424
differential_evolution step 21: f(x)= 2660.6652437213424
differential_evolution step 22: f(x)= 2660.6652437213424
differential_evolution step 23: f(x)= 116.95083787559135
differential_evolution step 24: f(x)= 116.95083787559135
differential_evolution step 25: f(x)= 116.95083787559135
differential_evolution step 26: f(x)= 116.95083787559135
differential_evolution step 27: f(x)= 116.95083787559135
differential_evolution step 28: f(x)= 116.95083787559135
differential_evolution step 29: f(x)= 116.95083787559135
differential_evolution step 30: f(x)= 116.95083787559135
differential_evolution step 31: f(x)= 116.95083787559135
differential_evolution step 32: f(x)= 116.95083787559135
differential_evolution step 33: f(x)= 116.95083787559135
differential_evolution step 1: f(x)= 20491.441984994894
differential_evolution step 2: f(x)= 125.33608502481204
differential_evolution step 3: f(x)= 125.33608502481204
differential_evolution step 4: f(x)= 125.33608502481204
differential_evolution step 5: f(x)= 125.33608502481204
differential_evolution step 6: f(x)= 0.9185007801643797
differential_evolution step 7: f(x)= 0.9185007801643797
differential_evolution step 8: f(x)= 0.9185007801643797
differential_evolution step 9: f(x)= 0.9185007801643797
differential_evolution step 10: f(x)= 0.9185007801643797
differential_evolution step 11: f(x)= 0.8185003212794218
differential_evolution step 12: f(x)= 0.33196694644289404
differential_evolution step 13: f(x)= 0.33196694644289404
differential_evolution step 14: f(x)= 0.33196694644289404
differential_evolution step 15: f(x)= 0.33196694644289404
differential_evolution step 16: f(x)= 0.33196694644289404
differential_evolution step 17: f(x)= 0.33196694644289404
differential_evolution step 18: f(x)= 0.33196694644289404
differential_evolution step 19: f(x)= 0.33196694644289404
differential_evolution step 20: f(x)= 0.33196694644289404
differential_evolution step 21: f(x)= 0.33196694644289404
differential_evolution step 22: f(x)= 0.33196694644289404
differential_evolution step 23: f(x)= 0.33196694644289404
differential_evolution step 24: f(x)= 0.33196694644289404
differential_evolution step 25: f(x)= 0.33196694644289404
differential_evolution step 26: f(x)= 0.33196694644289404
differential_evolution step 27: f(x)= 0.33196694644289404
differential_evolution step 28: f(x)= 0.33196694644289404
differential_evolution step 29: f(x)= 0.33196694644289404
differential_evolution step 30: f(x)= 0.33196694644289404
differential_evolution step 31: f(x)= 0.33196694644289404
differential_evolution step 32: f(x)= 0.33196694644289404
differential_evolution step 33: f(x)= 0.33196694644289404
differential_evolution step 34: f(x)= 0.33196694644289404
differential_evolution step 35: f(x)= 0.33196694644289404
differential_evolution step 36: f(x)= 0.21600078559364494
differential_evolution step 37: f(x)= 0.21600078559364494
differential_evolution step 38: f(x)= 0.21600078559364494
differential_evolution step 39: f(x)= 0.21600078559364494
differential_evolution step 40: f(x)= 0.21600078559364494
differential_evolution step 41: f(x)= 0.21600078559364494
differential_evolution step 42: f(x)= 0.21600078559364494
differential_evolution step 43: f(x)= 0.21600078559364494
differential_evolution step 44: f(x)= 0.21600078559364494
differential_evolution step 45: f(x)= 0.21600078559364494
differential_evolution step 46: f(x)= 0.21600078559364494
differential_evolution step 47: f(x)= 0.21600078559364494
differential_evolution step 48: f(x)= 0.1741837004355453
differential_evolution step 49: f(x)= 0.17005873912845076
differential_evolution step 50: f(x)= 0.1360423006878154
differential_evolution step 51: f(x)= 0.1360423006878154
differential_evolution step 52: f(x)= 0.1360423006878154
Pass 2 done in 635.40s. DE reports fun=0.119043
Global best check: loss=0.119000 g_std=0.03477 R2_eh=0.5156 R2_0=0.0930 crash_ratio=4.385 narr_decl=0.3797 narr_rec=0.1101 ok=False cert_score=0.87314
[good snapshot] -> optimization_logs/checkpoints/good_mega0007_r2_0.5156_loss_0.1190_1776400585/
[pivot] mega=7 expanded/jittered working_bounds

======== Mega iteration 8/10000 (no early stop — always improving) ========

Pass 1: Latin Hypercube 150 samples
Pass 1 done in 11.92s. Best loss so far: 0.119000
Pass 2: Differential Evolution
differential_evolution step 1: f(x)= 19470.115482878882
differential_evolution step 2: f(x)= 19470.115482878882
differential_evolution step 3: f(x)= 19470.115482878882
differential_evolution step 4: f(x)= 4566.423064859584
differential_evolution step 5: f(x)= 4566.423064859584
differential_evolution step 6: f(x)= 4566.423064859584
differential_evolution step 7: f(x)= 0.997939859435032
differential_evolution step 8: f(x)= 0.997939859435032
differential_evolution step 9: f(x)= 0.997939859435032
differential_evolution step 10: f(x)= 0.997939859435032
differential_evolution step 11: f(x)= 0.997939859435032
differential_evolution step 12: f(x)= 0.997939859435032
differential_evolution step 13: f(x)= 0.997939859435032
differential_evolution step 14: f(x)= 0.997939859435032
differential_evolution step 15: f(x)= 0.997939859435032
differential_evolution step 16: f(x)= 0.997939859435032
differential_evolution step 17: f(x)= 0.997939859435032
differential_evolution step 18: f(x)= 0.997939859435032
differential_evolution step 19: f(x)= 0.997939859435032
differential_evolution step 20: f(x)= 0.997939859435032
differential_evolution step 21: f(x)= 0.997939859435032
differential_evolution step 22: f(x)= 0.997939859435032
differential_evolution step 23: f(x)= 0.997939859435032
differential_evolution step 24: f(x)= 0.997939859435032
DE round 1/3: wall timeout (420.0s) — stopping this round
[speed recovery tier 1] DE round 1 used full wall — next round runs lighter
  -> stepsPerYear=19, atol=2.50e-03, rtol=2.50e-03, integ_wall=1.75s
differential_evolution step 1: f(x)= 20189.70614501762
differential_evolution step 2: f(x)= 20189.70614501762
differential_evolution step 3: f(x)= 17.275112402597838
differential_evolution step 4: f(x)= 17.275112402597838
differential_evolution step 5: f(x)= 17.275112402597838
differential_evolution step 6: f(x)= 17.275112402597838
differential_evolution step 7: f(x)= 17.275112402597838
differential_evolution step 8: f(x)= 17.275112402597838
differential_evolution step 9: f(x)= 17.275112402597838
differential_evolution step 10: f(x)= 17.275112402597838
differential_evolution step 11: f(x)= 17.275112402597838
differential_evolution step 12: f(x)= 17.275112402597838
differential_evolution step 13: f(x)= 17.275112402597838
differential_evolution step 14: f(x)= 17.275112402597838
differential_evolution step 15: f(x)= 17.275112402597838
differential_evolution step 16: f(x)= 17.275112402597838
differential_evolution step 17: f(x)= 17.275112402597838
differential_evolution step 18: f(x)= 17.275112402597838
differential_evolution step 19: f(x)= 17.275112402597838
differential_evolution step 20: f(x)= 17.275112402597838
differential_evolution step 21: f(x)= 17.275112402597838
differential_evolution step 22: f(x)= 17.275112402597838
differential_evolution step 23: f(x)= 17.275112402597838
differential_evolution step 24: f(x)= 17.275112402597838
differential_evolution step 25: f(x)= 17.275112402597838
differential_evolution step 26: f(x)= 17.275112402597838
differential_evolution step 27: f(x)= 17.275112402597838
differential_evolution step 28: f(x)= 17.275112402597838
differential_evolution step 29: f(x)= 17.275112402597838
differential_evolution step 30: f(x)= 17.275112402597838
differential_evolution step 31: f(x)= 17.275112402597838
differential_evolution step 32: f(x)= 17.275112402597838
differential_evolution step 33: f(x)= 17.275112402597838
differential_evolution step 1: f(x)= 20287.111205548503
differential_evolution step 2: f(x)= 20287.111205548503
differential_evolution step 3: f(x)= 20287.111205548503
differential_evolution step 4: f(x)= 20287.111205548503
differential_evolution step 5: f(x)= 20287.111205548503
differential_evolution step 6: f(x)= 20155.597727704557
differential_evolution step 7: f(x)= 19923.70555508942
differential_evolution step 8: f(x)= 18713.288167005492
differential_evolution step 9: f(x)= 18713.288167005492
differential_evolution step 10: f(x)= 3.0645417748170463
differential_evolution step 11: f(x)= 3.0645417748170463
differential_evolution step 12: f(x)= 3.0645417748170463
differential_evolution step 13: f(x)= 3.0645417748170463
differential_evolution step 14: f(x)= 3.0645417748170463
differential_evolution step 15: f(x)= 3.0645417748170463
differential_evolution step 16: f(x)= 3.0645417748170463
differential_evolution step 17: f(x)= 3.0645417748170463
differential_evolution step 18: f(x)= 3.0645417748170463
differential_evolution step 19: f(x)= 3.0645417748170463
differential_evolution step 20: f(x)= 3.0645417748170463
differential_evolution step 21: f(x)= 3.0645417748170463
differential_evolution step 22: f(x)= 3.0645417748170463
differential_evolution step 23: f(x)= 3.0645417748170463
differential_evolution step 24: f(x)= 3.0645417748170463
differential_evolution step 25: f(x)= 3.0645417748170463
differential_evolution step 26: f(x)= 3.0645417748170463
differential_evolution step 27: f(x)= 3.0645417748170463
differential_evolution step 28: f(x)= 3.0645417748170463
differential_evolution step 29: f(x)= 3.0645417748170463
differential_evolution step 30: f(x)= 3.0645417748170463
differential_evolution step 31: f(x)= 3.0645417748170463
differential_evolution step 32: f(x)= 3.0645417748170463
differential_evolution step 33: f(x)= 3.0645417748170463
differential_evolution step 34: f(x)= 3.0645417748170463
differential_evolution step 35: f(x)= 3.0645417748170463
differential_evolution step 36: f(x)= 0.33480384703074334
differential_evolution step 37: f(x)= 0.33480384703074334
differential_evolution step 38: f(x)= 0.33480384703074334
differential_evolution step 39: f(x)= 0.33480384703074334
differential_evolution step 40: f(x)= 0.33480384703074334
differential_evolution step 41: f(x)= 0.33480384703074334
differential_evolution step 42: f(x)= 0.33480384703074334
differential_evolution step 43: f(x)= 0.33480384703074334
differential_evolution step 44: f(x)= 0.33480384703074334
differential_evolution step 45: f(x)= 0.33480384703074334
differential_evolution step 46: f(x)= 0.33480384703074334
differential_evolution step 47: f(x)= 0.33480384703074334
differential_evolution step 48: f(x)= 0.33480384703074334
differential_evolution step 49: f(x)= 0.33480384703074334
differential_evolution step 50: f(x)= 0.33480384703074334
differential_evolution step 51: f(x)= 0.33480384703074334
differential_evolution step 52: f(x)= 0.33480384703074334
Pass 2 done in 814.89s. DE reports fun=0.334804
Global best check: loss=0.117340 g_std=0.03473 R2_eh=0.5237 R2_0=0.0934 crash_ratio=4.538 narr_decl=0.3743 narr_rec=0.1220 ok=False cert_score=0.90332
[good snapshot] -> optimization_logs/checkpoints/good_mega0008_r2_0.5237_loss_0.1173_1776401412/
[pivot] mega=8 expanded/jittered working_bounds

======== Mega iteration 9/10000 (no early stop — always improving) ========

Pass 1: Latin Hypercube 150 samples
